===============================================================
Gobuster v3.6
by OJ Reeves (@TheColonial) & Christian Mehlmauer (@firefart)
===============================================================
[+] Url:                     http://10.10.163.38
[+] Method:                  GET
[+] Threads:                 10
[+] Wordlist:                /usr/share/wordlists/dirbuster/directory-list-2.3-medium.txt
[+] Negative Status codes:   404
[+] User Agent:              gobuster/3.6
[+] Timeout:                 10s
===============================================================
Starting gobuster in directory enumeration mode
===============================================================
[2K/images               (Status: 301) [Size: 313] [--> http://10.10.163.38/images/]
[2K/assets               (Status: 301) [Size: 313] [--> http://10.10.163.38/assets/]

[!] Keyboard interrupt detected, terminating.

===============================================================
Finished
===============================================================
