- Nikto v2.5.0
---------------------------------------------------------------------------
+ Target IP:          10.10.239.38
+ Target Hostname:    10.10.239.38
+ Target Port:        80
+ Start Time:         2023-09-30 22:17:11 (GMT-4)
---------------------------------------------------------------------------
+ Server: Apache/2.4.6 (CentOS) PHP/5.6.40
+ /: Retrieved x-powered-by header: PHP/5.6.40.
+ /: The anti-clickjacking X-Frame-Options header is not present. See: https://developer.mozilla.org/en-US/docs/Web/HTTP/Headers/X-Frame-Options
+ /: The X-Content-Type-Options header is not set. This could allow the user agent to render the content of the site in a different fashion to the MIME type. See: https://www.netsparker.com/web-vulnerability-scanner/vulnerabilities/missing-content-type-header/
+ /robots.txt: Entry '/bin/' is returned a non-forbidden or redirect HTTP code (200). See: https://portswigger.net/kb/issues/00600600_robots-txt-file
+ /robots.txt: Entry '/includes/' is returned a non-forbidden or redirect HTTP code (200). See: https://portswigger.net/kb/issues/00600600_robots-txt-file
+ /robots.txt: Entry '/plugins/' is returned a non-forbidden or redirect HTTP code (200). See: https://portswigger.net/kb/issues/00600600_robots-txt-file
+ /robots.txt: Entry '/tmp/' is returned a non-forbidden or redirect HTTP code (200). See: https://portswigger.net/kb/issues/00600600_robots-txt-file
+ /robots.txt: Entry '/administrator/' is returned a non-forbidden or redirect HTTP code (). See: https://portswigger.net/kb/issues/00600600_robots-txt-file
+ /robots.txt: Entry '/cli/' is returned a non-forbidden or redirect HTTP code (200). See: https://portswigger.net/kb/issues/00600600_robots-txt-file
+ /robots.txt: Entry '/libraries/' is returned a non-forbidden or redirect HTTP code (200). See: https://portswigger.net/kb/issues/00600600_robots-txt-file
+ /robots.txt: Entry '/layouts/' is returned a non-forbidden or redirect HTTP code (200). See: https://portswigger.net/kb/issues/00600600_robots-txt-file
+ /robots.txt: Entry '/modules/' is returned a non-forbidden or redirect HTTP code (200). See: https://portswigger.net/kb/issues/00600600_robots-txt-file
+ /robots.txt: Entry '/cache/' is returned a non-forbidden or redirect HTTP code (200). See: https://portswigger.net/kb/issues/00600600_robots-txt-file
+ /robots.txt: Entry '/components/' is returned a non-forbidden or redirect HTTP code (200). See: https://portswigger.net/kb/issues/00600600_robots-txt-file
+ /robots.txt: Entry '/language/' is returned a non-forbidden or redirect HTTP code (200). See: https://portswigger.net/kb/issues/00600600_robots-txt-file
+ /robots.txt: contains 14 entries which should be manually viewed. See: https://developer.mozilla.org/en-US/docs/Glossary/Robots.txt
+ RFC-1918 /images: IP address found in the 'location' header. The IP is "fe80::4a:61ff:fe51:805b". See: https://portswigger.net/kb/issues/00600300_private-ip-addresses-disclosed
+ /images: The web server may reveal its internal or real IP in the Location header via a request to with HTTP/1.0. The value is "fe80::4a:61ff:fe51:805b". See: http://cve.mitre.org/cgi-bin/cvename.cgi?name=CVE-2000-0649
+ PHP/5.6.40 appears to be outdated (current is at least 8.1.5), PHP 7.4.28 for the 7.4 branch.
+ Apache/2.4.6 appears to be outdated (current is at least Apache/2.4.54). Apache 2.2.34 is the EOL for the 2.x branch.
+ PHP/5.6 - PHP 3/4/5 and 7.0 are End of Life products without support.
+ /: Web Server returns a valid response with junk HTTP methods which may cause false positives.
+ /: DEBUG HTTP verb may show server debugging information. See: https://docs.microsoft.com/en-us/visualstudio/debugger/how-to-enable-debugging-for-aspnet-applications?view=vs-2017
+ /: HTTP TRACE method is active which suggests the host is vulnerable to XST. See: https://owasp.org/www-community/attacks/Cross_Site_Tracing
