- Nikto v2.5.0
---------------------------------------------------------------------------
+ Target IP:          10.10.180.69
+ Target Hostname:    10.10.180.69
+ Target Port:        80
+ Start Time:         2023-10-04 11:30:41 (GMT-4)
---------------------------------------------------------------------------
+ Server: Apache/2.4.29 (Ubuntu)
+ /: The anti-clickjacking X-Frame-Options header is not present. See: https://developer.mozilla.org/en-US/docs/Web/HTTP/Headers/X-Frame-Options
+ /: The X-Content-Type-Options header is not set. This could allow the user agent to render the content of the site in a different fashion to the MIME type. See: https://www.netsparker.com/web-vulnerability-scanner/vulnerabilities/missing-content-type-header/
+ No CGI Directories found (use '-C all' to force check all possible dirs)
+ /: Server may leak inodes via ETags, header found with file /, inode: 2aa6, size: 5abef58e962a5, mtime: gzip. See: http://cve.mitre.org/cgi-bin/cvename.cgi?name=CVE-2003-1418
+ Apache/2.4.29 appears to be outdated (current is at least Apache/2.4.54). Apache 2.2.34 is the EOL for the 2.x branch.
+ OPTIONS: Allowed HTTP Methods: HEAD, GET, POST, OPTIONS .
+ /phpmyadmin/changelog.php: Uncommon header 'x-ob_mode' found, with contents: 1.
+ /icons/README: Apache default file found. See: https://www.vntweb.co.uk/apache-restricting-access-to-iconsreadme/
+ /wordpress/wp-links-opml.php: This WordPress script reveals the installed version.
+ /wordpress/wp-admin/: Uncommon header 'x-redirect-by' found, with contents: WordPress.
+ /wordpress/: Drupal Link header found with value: <http://internal.thm/blog/index.php/wp-json/>; rel="https://api.w.org/". See: https://www.drupal.org/
+ /wordpress/: A Wordpress installation was found.
+ /phpmyadmin/: phpMyAdmin directory found.
+ /wordpress/wp-login.php?action=register: Cookie wordpress_test_cookie created without the httponly flag. See: https://developer.mozilla.org/en-US/docs/Web/HTTP/Cookies
+ /blog/wp-login.php: Wordpress login found.
+ /wordpress/wp-login.php: Wordpress login found.
+ 8226 requests: 0 error(s) and 15 item(s) reported on remote host
+ End Time:           2023-10-04 11:54:43 (GMT-4) (1442 seconds)
---------------------------------------------------------------------------
+ 1 host(s) tested
